{"C:\\xampp\\htdocs\\PRO-PFE-YOPY\\yopy-platform\\tests\\admin-route-check.test.js": {"path":"C:\\xampp\\htdocs\\PRO-PFE-YOPY\\yopy-platform\\tests\\admin-route-check.test.js","all":false,"statementMap":{"0":{"start":{"line":1,"column":0},"end":{"line":1,"column":21}},"1":{"start":{"line":2,"column":0},"end":{"line":2,"column":76}},"2":{"start":{"line":3,"column":0},"end":{"line":3,"column":68}},"3":{"start":{"line":4,"column":0},"end":{"line":4,"column":74}},"4":{"start":{"line":5,"column":0},"end":{"line":5,"column":68}},"5":{"start":{"line":6,"column":0},"end":{"line":6,"column":78}},"6":{"start":{"line":7,"column":0},"end":{"line":7,"column":68}},"7":{"start":{"line":8,"column":0},"end":{"line":8,"column":70}},"8":{"start":{"line":9,"column":0},"end":{"line":9,"column":2}},"9":{"start":{"line":10,"column":0},"end":{"line":10,"column":0}},"10":{"start":{"line":11,"column":0},"end":{"line":11,"column":29}},"11":{"start":{"line":12,"column":0},"end":{"line":12,"column":59}},"12":{"start":{"line":13,"column":0},"end":{"line":13,"column":1}},"13":{"start":{"line":14,"column":0},"end":{"line":14,"column":0}},"14":{"start":{"line":15,"column":0},"end":{"line":15,"column":38}},"15":{"start":{"line":16,"column":0},"end":{"line":16,"column":36}},"16":{"start":{"line":17,"column":0},"end":{"line":17,"column":79}},"17":{"start":{"line":18,"column":0},"end":{"line":18,"column":3}},"18":{"start":{"line":19,"column":0},"end":{"line":19,"column":0}},"19":{"start":{"line":20,"column":0},"end":{"line":20,"column":36}},"20":{"start":{"line":21,"column":0},"end":{"line":21,"column":27}},"21":{"start":{"line":22,"column":0},"end":{"line":22,"column":23}},"22":{"start":{"line":23,"column":0},"end":{"line":23,"column":5}},"23":{"start":{"line":24,"column":0},"end":{"line":24,"column":1}},"24":{"start":{"line":25,"column":0},"end":{"line":25,"column":0}},"25":{"start":{"line":26,"column":0},"end":{"line":26,"column":42}},"26":{"start":{"line":27,"column":0},"end":{"line":27,"column":109}},"27":{"start":{"line":28,"column":0},"end":{"line":28,"column":44}},"28":{"start":{"line":29,"column":0},"end":{"line":29,"column":39}},"29":{"start":{"line":30,"column":0},"end":{"line":30,"column":0}},"30":{"start":{"line":31,"column":0},"end":{"line":31,"column":29}},"31":{"start":{"line":32,"column":0},"end":{"line":32,"column":43}},"32":{"start":{"line":33,"column":0},"end":{"line":33,"column":28}},"33":{"start":{"line":34,"column":0},"end":{"line":34,"column":32}},"34":{"start":{"line":35,"column":0},"end":{"line":35,"column":28}},"35":{"start":{"line":36,"column":0},"end":{"line":36,"column":32}},"36":{"start":{"line":37,"column":0},"end":{"line":37,"column":0}},"37":{"start":{"line":38,"column":0},"end":{"line":38,"column":27}},"38":{"start":{"line":39,"column":0},"end":{"line":39,"column":28}},"39":{"start":{"line":40,"column":0},"end":{"line":40,"column":32}},"40":{"start":{"line":41,"column":0},"end":{"line":41,"column":29}},"41":{"start":{"line":42,"column":0},"end":{"line":42,"column":28}},"42":{"start":{"line":43,"column":0},"end":{"line":43,"column":0}},"43":{"start":{"line":44,"column":0},"end":{"line":44,"column":28}},"44":{"start":{"line":45,"column":0},"end":{"line":45,"column":40}},"45":{"start":{"line":46,"column":0},"end":{"line":46,"column":62}},"46":{"start":{"line":47,"column":0},"end":{"line":47,"column":13}},"47":{"start":{"line":48,"column":0},"end":{"line":48,"column":5}},"48":{"start":{"line":49,"column":0},"end":{"line":49,"column":0}},"49":{"start":{"line":50,"column":0},"end":{"line":50,"column":68}},"50":{"start":{"line":51,"column":0},"end":{"line":51,"column":42}},"51":{"start":{"line":52,"column":0},"end":{"line":52,"column":5}},"52":{"start":{"line":53,"column":0},"end":{"line":53,"column":3}}},"s":{"0":1,"1":1,"2":1,"3":1,"4":1,"5":1,"6":1,"7":1,"8":1,"9":1,"10":0,"11":0,"12":0,"13":1,"14":7,"15":7,"16":7,"17":7,"18":0,"19":0,"20":0,"21":0,"22":0,"23":0,"24":1,"25":1,"26":1,"27":7,"28":0,"29":0,"30":0,"31":0,"32":7,"33":7,"34":7,"35":7,"36":7,"37":7,"38":7,"39":7,"40":7,"41":7,"42":7,"43":7,"44":0,"45":0,"46":0,"47":0,"48":0,"49":7,"50":7,"51":1,"52":1},"branchMap":{"0":{"type":"branch","line":15,"loc":{"start":{"line":15,"column":0},"end":{"line":24,"column":1}},"locations":[{"start":{"line":15,"column":0},"end":{"line":24,"column":1}}]},"1":{"type":"branch","line":18,"loc":{"start":{"line":18,"column":2},"end":{"line":24,"column":1}},"locations":[{"start":{"line":18,"column":2},"end":{"line":24,"column":1}}]},"2":{"type":"branch","line":26,"loc":{"start":{"line":26,"column":35},"end":{"line":53,"column":2}},"locations":[{"start":{"line":26,"column":35},"end":{"line":53,"column":2}}]},"3":{"type":"branch","line":27,"loc":{"start":{"line":27,"column":81},"end":{"line":52,"column":3}},"locations":[{"start":{"line":27,"column":81},"end":{"line":52,"column":3}}]},"4":{"type":"branch","line":28,"loc":{"start":{"line":28,"column":43},"end":{"line":33,"column":25}},"locations":[{"start":{"line":28,"column":43},"end":{"line":33,"column":25}}]},"5":{"type":"branch","line":33,"loc":{"start":{"line":33,"column":25},"end":{"line":34,"column":29}},"locations":[{"start":{"line":33,"column":25},"end":{"line":34,"column":29}}]},"6":{"type":"branch","line":34,"loc":{"start":{"line":34,"column":29},"end":{"line":35,"column":25}},"locations":[{"start":{"line":34,"column":29},"end":{"line":35,"column":25}}]},"7":{"type":"branch","line":35,"loc":{"start":{"line":35,"column":25},"end":{"line":36,"column":31}},"locations":[{"start":{"line":35,"column":25},"end":{"line":36,"column":31}}]},"8":{"type":"branch","line":39,"loc":{"start":{"line":39,"column":25},"end":{"line":40,"column":29}},"locations":[{"start":{"line":39,"column":25},"end":{"line":40,"column":29}}]},"9":{"type":"branch","line":40,"loc":{"start":{"line":40,"column":29},"end":{"line":41,"column":26}},"locations":[{"start":{"line":40,"column":29},"end":{"line":41,"column":26}}]},"10":{"type":"branch","line":41,"loc":{"start":{"line":41,"column":26},"end":{"line":42,"column":27}},"locations":[{"start":{"line":41,"column":26},"end":{"line":42,"column":27}}]},"11":{"type":"branch","line":44,"loc":{"start":{"line":44,"column":27},"end":{"line":50,"column":55}},"locations":[{"start":{"line":44,"column":27},"end":{"line":50,"column":55}}]}},"b":{"0":[7],"1":[0],"2":[1],"3":[7],"4":[0],"5":[0],"6":[0],"7":[0],"8":[0],"9":[0],"10":[0],"11":[0]},"fnMap":{"0":{"name":"makeUrl","decl":{"start":{"line":11,"column":0},"end":{"line":13,"column":1}},"loc":{"start":{"line":11,"column":0},"end":{"line":13,"column":1}},"line":11},"1":{"name":"fetchRoute","decl":{"start":{"line":15,"column":0},"end":{"line":24,"column":1}},"loc":{"start":{"line":15,"column":0},"end":{"line":24,"column":1}},"line":15}},"f":{"0":0,"1":7}}
,"C:\\xampp\\htdocs\\PRO-PFE-YOPY\\yopy-platform\\tests\\rayen\\BehaviorCollector.test.js": {"path":"C:\\xampp\\htdocs\\PRO-PFE-YOPY\\yopy-platform\\tests\\rayen\\BehaviorCollector.test.js","all":true,"statementMap":{"0":{"start":{"line":1,"column":0},"end":{"line":1,"column":3}},"1":{"start":{"line":2,"column":0},"end":{"line":2,"column":26}},"2":{"start":{"line":3,"column":0},"end":{"line":3,"column":2}},"3":{"start":{"line":4,"column":0},"end":{"line":4,"column":55}},"4":{"start":{"line":5,"column":0},"end":{"line":5,"column":2}},"5":{"start":{"line":6,"column":0},"end":{"line":6,"column":30}},"6":{"start":{"line":7,"column":0},"end":{"line":7,"column":79}},"7":{"start":{"line":8,"column":0},"end":{"line":8,"column":76}},"8":{"start":{"line":9,"column":0},"end":{"line":9,"column":72}},"9":{"start":{"line":10,"column":0},"end":{"line":10,"column":74}},"10":{"start":{"line":11,"column":0},"end":{"line":11,"column":64}},"11":{"start":{"line":12,"column":0},"end":{"line":12,"column":2}},"12":{"start":{"line":13,"column":0},"end":{"line":13,"column":48}},"13":{"start":{"line":14,"column":0},"end":{"line":14,"column":79}},"14":{"start":{"line":15,"column":0},"end":{"line":15,"column":76}},"15":{"start":{"line":16,"column":0},"end":{"line":16,"column":75}},"16":{"start":{"line":17,"column":0},"end":{"line":17,"column":73}},"17":{"start":{"line":18,"column":0},"end":{"line":18,"column":73}},"18":{"start":{"line":19,"column":0},"end":{"line":19,"column":77}},"19":{"start":{"line":20,"column":0},"end":{"line":20,"column":2}},"20":{"start":{"line":21,"column":0},"end":{"line":21,"column":15}},"21":{"start":{"line":22,"column":0},"end":{"line":22,"column":79}},"22":{"start":{"line":23,"column":0},"end":{"line":23,"column":70}},"23":{"start":{"line":24,"column":0},"end":{"line":24,"column":75}},"24":{"start":{"line":25,"column":0},"end":{"line":25,"column":92}},"25":{"start":{"line":26,"column":0},"end":{"line":26,"column":84}},"26":{"start":{"line":27,"column":0},"end":{"line":27,"column":86}},"27":{"start":{"line":28,"column":0},"end":{"line":28,"column":86}},"28":{"start":{"line":29,"column":0},"end":{"line":29,"column":86}},"29":{"start":{"line":30,"column":0},"end":{"line":30,"column":78}},"30":{"start":{"line":31,"column":0},"end":{"line":31,"column":76}},"31":{"start":{"line":32,"column":0},"end":{"line":32,"column":91}},"32":{"start":{"line":33,"column":0},"end":{"line":33,"column":3}},"33":{"start":{"line":34,"column":0},"end":{"line":34,"column":0}},"34":{"start":{"line":35,"column":0},"end":{"line":35,"column":13}},"35":{"start":{"line":36,"column":0},"end":{"line":36,"column":0}},"36":{"start":{"line":37,"column":0},"end":{"line":37,"column":48}},"37":{"start":{"line":38,"column":0},"end":{"line":38,"column":0}},"38":{"start":{"line":39,"column":0},"end":{"line":39,"column":81}},"39":{"start":{"line":40,"column":0},"end":{"line":40,"column":80}},"40":{"start":{"line":41,"column":0},"end":{"line":41,"column":80}},"41":{"start":{"line":42,"column":0},"end":{"line":42,"column":59}},"42":{"start":{"line":43,"column":0},"end":{"line":43,"column":21}},"43":{"start":{"line":44,"column":0},"end":{"line":44,"column":45}},"44":{"start":{"line":45,"column":0},"end":{"line":45,"column":53}},"45":{"start":{"line":46,"column":0},"end":{"line":46,"column":25}},"46":{"start":{"line":47,"column":0},"end":{"line":47,"column":0}},"47":{"start":{"line":48,"column":0},"end":{"line":48,"column":76}},"48":{"start":{"line":49,"column":0},"end":{"line":49,"column":78}},"49":{"start":{"line":50,"column":0},"end":{"line":50,"column":0}},"50":{"start":{"line":51,"column":0},"end":{"line":51,"column":81}},"51":{"start":{"line":52,"column":0},"end":{"line":52,"column":0}},"52":{"start":{"line":53,"column":0},"end":{"line":53,"column":20}},"53":{"start":{"line":54,"column":0},"end":{"line":54,"column":24}},"54":{"start":{"line":55,"column":0},"end":{"line":55,"column":23}},"55":{"start":{"line":56,"column":0},"end":{"line":56,"column":21}},"56":{"start":{"line":57,"column":0},"end":{"line":57,"column":20}},"57":{"start":{"line":58,"column":0},"end":{"line":58,"column":23}},"58":{"start":{"line":59,"column":0},"end":{"line":59,"column":2}},"59":{"start":{"line":60,"column":0},"end":{"line":60,"column":0}},"60":{"start":{"line":61,"column":0},"end":{"line":61,"column":79}},"61":{"start":{"line":62,"column":0},"end":{"line":62,"column":40}},"62":{"start":{"line":63,"column":0},"end":{"line":63,"column":59}},"63":{"start":{"line":64,"column":0},"end":{"line":64,"column":23}},"64":{"start":{"line":65,"column":0},"end":{"line":65,"column":25}},"65":{"start":{"line":66,"column":0},"end":{"line":66,"column":17}},"66":{"start":{"line":67,"column":0},"end":{"line":67,"column":5}},"67":{"start":{"line":68,"column":0},"end":{"line":68,"column":1}},"68":{"start":{"line":69,"column":0},"end":{"line":69,"column":0}},"69":{"start":{"line":70,"column":0},"end":{"line":70,"column":81}},"70":{"start":{"line":71,"column":0},"end":{"line":71,"column":0}},"71":{"start":{"line":72,"column":0},"end":{"line":72,"column":37}},"72":{"start":{"line":73,"column":0},"end":{"line":73,"column":16}},"73":{"start":{"line":74,"column":0},"end":{"line":74,"column":17}},"74":{"start":{"line":75,"column":0},"end":{"line":75,"column":17}},"75":{"start":{"line":76,"column":0},"end":{"line":76,"column":0}},"76":{"start":{"line":77,"column":0},"end":{"line":77,"column":20}},"77":{"start":{"line":78,"column":0},"end":{"line":78,"column":25}},"78":{"start":{"line":79,"column":0},"end":{"line":79,"column":0}},"79":{"start":{"line":80,"column":0},"end":{"line":80,"column":49}},"80":{"start":{"line":81,"column":0},"end":{"line":81,"column":73}},"81":{"start":{"line":82,"column":0},"end":{"line":82,"column":0}},"82":{"start":{"line":83,"column":0},"end":{"line":83,"column":79}},"83":{"start":{"line":84,"column":0},"end":{"line":84,"column":49}},"84":{"start":{"line":85,"column":0},"end":{"line":85,"column":59}},"85":{"start":{"line":86,"column":0},"end":{"line":86,"column":31}},"86":{"start":{"line":87,"column":0},"end":{"line":87,"column":25}},"87":{"start":{"line":88,"column":0},"end":{"line":88,"column":25}},"88":{"start":{"line":89,"column":0},"end":{"line":89,"column":7}},"89":{"start":{"line":90,"column":0},"end":{"line":90,"column":0}},"90":{"start":{"line":91,"column":0},"end":{"line":91,"column":47}},"91":{"start":{"line":92,"column":0},"end":{"line":92,"column":38}},"92":{"start":{"line":93,"column":0},"end":{"line":93,"column":29}},"93":{"start":{"line":94,"column":0},"end":{"line":94,"column":0}},"94":{"start":{"line":95,"column":0},"end":{"line":95,"column":70}},"95":{"start":{"line":96,"column":0},"end":{"line":96,"column":32}},"96":{"start":{"line":97,"column":0},"end":{"line":97,"column":5}},"97":{"start":{"line":98,"column":0},"end":{"line":98,"column":0}},"98":{"start":{"line":99,"column":0},"end":{"line":99,"column":19}},"99":{"start":{"line":100,"column":0},"end":{"line":100,"column":24}},"100":{"start":{"line":101,"column":0},"end":{"line":101,"column":25}},"101":{"start":{"line":102,"column":0},"end":{"line":102,"column":25}},"102":{"start":{"line":103,"column":0},"end":{"line":103,"column":29}},"103":{"start":{"line":104,"column":0},"end":{"line":104,"column":5}},"104":{"start":{"line":105,"column":0},"end":{"line":105,"column":0}},"105":{"start":{"line":106,"column":0},"end":{"line":106,"column":79}},"106":{"start":{"line":107,"column":0},"end":{"line":107,"column":0}},"107":{"start":{"line":108,"column":0},"end":{"line":108,"column":33}},"108":{"start":{"line":109,"column":0},"end":{"line":109,"column":35}},"109":{"start":{"line":110,"column":0},"end":{"line":110,"column":63}},"110":{"start":{"line":111,"column":0},"end":{"line":111,"column":41}},"111":{"start":{"line":112,"column":0},"end":{"line":112,"column":7}},"112":{"start":{"line":113,"column":0},"end":{"line":113,"column":0}},"113":{"start":{"line":114,"column":0},"end":{"line":114,"column":48}},"114":{"start":{"line":115,"column":0},"end":{"line":115,"column":63}},"115":{"start":{"line":116,"column":0},"end":{"line":116,"column":43}},"116":{"start":{"line":117,"column":0},"end":{"line":117,"column":7}},"117":{"start":{"line":118,"column":0},"end":{"line":118,"column":0}},"118":{"start":{"line":119,"column":0},"end":{"line":119,"column":51}},"119":{"start":{"line":120,"column":0},"end":{"line":120,"column":58}},"120":{"start":{"line":121,"column":0},"end":{"line":121,"column":40}},"121":{"start":{"line":122,"column":0},"end":{"line":122,"column":7}},"122":{"start":{"line":123,"column":0},"end":{"line":123,"column":0}},"123":{"start":{"line":124,"column":0},"end":{"line":124,"column":53}},"124":{"start":{"line":125,"column":0},"end":{"line":125,"column":58}},"125":{"start":{"line":126,"column":0},"end":{"line":126,"column":39}},"126":{"start":{"line":127,"column":0},"end":{"line":127,"column":7}},"127":{"start":{"line":128,"column":0},"end":{"line":128,"column":0}},"128":{"start":{"line":129,"column":0},"end":{"line":129,"column":49}},"129":{"start":{"line":130,"column":0},"end":{"line":130,"column":81}},"130":{"start":{"line":131,"column":0},"end":{"line":131,"column":39}},"131":{"start":{"line":132,"column":0},"end":{"line":132,"column":7}},"132":{"start":{"line":133,"column":0},"end":{"line":133,"column":0}},"133":{"start":{"line":134,"column":0},"end":{"line":134,"column":46}},"134":{"start":{"line":135,"column":0},"end":{"line":135,"column":80}},"135":{"start":{"line":136,"column":0},"end":{"line":136,"column":38}},"136":{"start":{"line":137,"column":0},"end":{"line":137,"column":7}},"137":{"start":{"line":138,"column":0},"end":{"line":138,"column":0}},"138":{"start":{"line":139,"column":0},"end":{"line":139,"column":47}},"139":{"start":{"line":140,"column":0},"end":{"line":140,"column":45}},"140":{"start":{"line":141,"column":0},"end":{"line":141,"column":7}},"141":{"start":{"line":142,"column":0},"end":{"line":142,"column":0}},"142":{"start":{"line":143,"column":0},"end":{"line":143,"column":54}},"143":{"start":{"line":144,"column":0},"end":{"line":144,"column":48}},"144":{"start":{"line":145,"column":0},"end":{"line":145,"column":7}},"145":{"start":{"line":146,"column":0},"end":{"line":146,"column":0}},"146":{"start":{"line":147,"column":0},"end":{"line":147,"column":48}},"147":{"start":{"line":148,"column":0},"end":{"line":148,"column":46}},"148":{"start":{"line":149,"column":0},"end":{"line":149,"column":7}},"149":{"start":{"line":150,"column":0},"end":{"line":150,"column":5}},"150":{"start":{"line":151,"column":0},"end":{"line":151,"column":0}},"151":{"start":{"line":152,"column":0},"end":{"line":152,"column":79}},"152":{"start":{"line":153,"column":0},"end":{"line":153,"column":0}},"153":{"start":{"line":154,"column":0},"end":{"line":154,"column":34}},"154":{"start":{"line":155,"column":0},"end":{"line":155,"column":70}},"155":{"start":{"line":156,"column":0},"end":{"line":156,"column":35}},"156":{"start":{"line":157,"column":0},"end":{"line":157,"column":43}},"157":{"start":{"line":158,"column":0},"end":{"line":158,"column":7}},"158":{"start":{"line":159,"column":0},"end":{"line":159,"column":0}},"159":{"start":{"line":160,"column":0},"end":{"line":160,"column":54}},"160":{"start":{"line":161,"column":0},"end":{"line":161,"column":38}},"161":{"start":{"line":162,"column":0},"end":{"line":162,"column":46}},"162":{"start":{"line":163,"column":0},"end":{"line":163,"column":7}},"163":{"start":{"line":164,"column":0},"end":{"line":164,"column":0}},"164":{"start":{"line":165,"column":0},"end":{"line":165,"column":41}},"165":{"start":{"line":166,"column":0},"end":{"line":166,"column":34}},"166":{"start":{"line":167,"column":0},"end":{"line":167,"column":42}},"167":{"start":{"line":168,"column":0},"end":{"line":168,"column":7}},"168":{"start":{"line":169,"column":0},"end":{"line":169,"column":0}},"169":{"start":{"line":170,"column":0},"end":{"line":170,"column":58}},"170":{"start":{"line":171,"column":0},"end":{"line":171,"column":36}},"171":{"start":{"line":172,"column":0},"end":{"line":172,"column":42}},"172":{"start":{"line":173,"column":0},"end":{"line":173,"column":7}},"173":{"start":{"line":174,"column":0},"end":{"line":174,"column":0}},"174":{"start":{"line":175,"column":0},"end":{"line":175,"column":53}},"175":{"start":{"line":176,"column":0},"end":{"line":176,"column":33}},"176":{"start":{"line":177,"column":0},"end":{"line":177,"column":42}},"177":{"start":{"line":178,"column":0},"end":{"line":178,"column":7}},"178":{"start":{"line":179,"column":0},"end":{"line":179,"column":0}},"179":{"start":{"line":180,"column":0},"end":{"line":180,"column":58}},"180":{"start":{"line":181,"column":0},"end":{"line":181,"column":35}},"181":{"start":{"line":182,"column":0},"end":{"line":182,"column":35}},"182":{"start":{"line":183,"column":0},"end":{"line":183,"column":43}},"183":{"start":{"line":184,"column":0},"end":{"line":184,"column":7}},"184":{"start":{"line":185,"column":0},"end":{"line":185,"column":5}},"185":{"start":{"line":186,"column":0},"end":{"line":186,"column":0}},"186":{"start":{"line":187,"column":0},"end":{"line":187,"column":79}},"187":{"start":{"line":188,"column":0},"end":{"line":188,"column":0}},"188":{"start":{"line":189,"column":0},"end":{"line":189,"column":47}},"189":{"start":{"line":190,"column":0},"end":{"line":190,"column":75}},"190":{"start":{"line":191,"column":0},"end":{"line":191,"column":35}},"191":{"start":{"line":192,"column":0},"end":{"line":192,"column":48}},"192":{"start":{"line":193,"column":0},"end":{"line":193,"column":7}},"193":{"start":{"line":194,"column":0},"end":{"line":194,"column":0}},"194":{"start":{"line":195,"column":0},"end":{"line":195,"column":67}},"195":{"start":{"line":196,"column":0},"end":{"line":196,"column":35}},"196":{"start":{"line":197,"column":0},"end":{"line":197,"column":58}},"197":{"start":{"line":198,"column":0},"end":{"line":198,"column":7}},"198":{"start":{"line":199,"column":0},"end":{"line":199,"column":0}},"199":{"start":{"line":200,"column":0},"end":{"line":200,"column":63}},"200":{"start":{"line":201,"column":0},"end":{"line":201,"column":35}},"201":{"start":{"line":202,"column":0},"end":{"line":202,"column":49}},"202":{"start":{"line":203,"column":0},"end":{"line":203,"column":7}},"203":{"start":{"line":204,"column":0},"end":{"line":204,"column":0}},"204":{"start":{"line":205,"column":0},"end":{"line":205,"column":62}},"205":{"start":{"line":206,"column":0},"end":{"line":206,"column":35}},"206":{"start":{"line":207,"column":0},"end":{"line":207,"column":52}},"207":{"start":{"line":208,"column":0},"end":{"line":208,"column":7}},"208":{"start":{"line":209,"column":0},"end":{"line":209,"column":0}},"209":{"start":{"line":210,"column":0},"end":{"line":210,"column":76}},"210":{"start":{"line":211,"column":0},"end":{"line":211,"column":43}},"211":{"start":{"line":212,"column":0},"end":{"line":212,"column":48}},"212":{"start":{"line":213,"column":0},"end":{"line":213,"column":7}},"213":{"start":{"line":214,"column":0},"end":{"line":214,"column":0}},"214":{"start":{"line":215,"column":0},"end":{"line":215,"column":87}},"215":{"start":{"line":216,"column":0},"end":{"line":216,"column":56}},"216":{"start":{"line":217,"column":0},"end":{"line":217,"column":54}},"217":{"start":{"line":218,"column":0},"end":{"line":218,"column":30}},"218":{"start":{"line":219,"column":0},"end":{"line":219,"column":40}},"219":{"start":{"line":220,"column":0},"end":{"line":220,"column":7}},"220":{"start":{"line":221,"column":0},"end":{"line":221,"column":0}},"221":{"start":{"line":222,"column":0},"end":{"line":222,"column":81}},"222":{"start":{"line":223,"column":0},"end":{"line":223,"column":23}},"223":{"start":{"line":224,"column":0},"end":{"line":224,"column":68}},"224":{"start":{"line":225,"column":0},"end":{"line":225,"column":68}},"225":{"start":{"line":226,"column":0},"end":{"line":226,"column":8}},"226":{"start":{"line":227,"column":0},"end":{"line":227,"column":80}},"227":{"start":{"line":228,"column":0},"end":{"line":228,"column":56}},"228":{"start":{"line":229,"column":0},"end":{"line":229,"column":59}},"229":{"start":{"line":230,"column":0},"end":{"line":230,"column":82}},"230":{"start":{"line":231,"column":0},"end":{"line":231,"column":7}},"231":{"start":{"line":232,"column":0},"end":{"line":232,"column":5}},"232":{"start":{"line":233,"column":0},"end":{"line":233,"column":0}},"233":{"start":{"line":234,"column":0},"end":{"line":234,"column":79}},"234":{"start":{"line":235,"column":0},"end":{"line":235,"column":0}},"235":{"start":{"line":236,"column":0},"end":{"line":236,"column":50}},"236":{"start":{"line":237,"column":0},"end":{"line":237,"column":61}},"237":{"start":{"line":238,"column":0},"end":{"line":238,"column":41}},"238":{"start":{"line":239,"column":0},"end":{"line":239,"column":45}},"239":{"start":{"line":240,"column":0},"end":{"line":240,"column":7}},"240":{"start":{"line":241,"column":0},"end":{"line":241,"column":0}},"241":{"start":{"line":242,"column":0},"end":{"line":242,"column":65}},"242":{"start":{"line":243,"column":0},"end":{"line":243,"column":41}},"243":{"start":{"line":244,"column":0},"end":{"line":244,"column":41}},"244":{"start":{"line":245,"column":0},"end":{"line":245,"column":45}},"245":{"start":{"line":246,"column":0},"end":{"line":246,"column":7}},"246":{"start":{"line":247,"column":0},"end":{"line":247,"column":0}},"247":{"start":{"line":248,"column":0},"end":{"line":248,"column":78}},"248":{"start":{"line":249,"column":0},"end":{"line":249,"column":41}},"249":{"start":{"line":250,"column":0},"end":{"line":250,"column":59}},"250":{"start":{"line":251,"column":0},"end":{"line":251,"column":51}},"251":{"start":{"line":252,"column":0},"end":{"line":252,"column":7}},"252":{"start":{"line":253,"column":0},"end":{"line":253,"column":0}},"253":{"start":{"line":254,"column":0},"end":{"line":254,"column":83}},"254":{"start":{"line":255,"column":0},"end":{"line":255,"column":41}},"255":{"start":{"line":256,"column":0},"end":{"line":256,"column":62}},"256":{"start":{"line":257,"column":0},"end":{"line":257,"column":59}},"257":{"start":{"line":258,"column":0},"end":{"line":258,"column":47}},"258":{"start":{"line":259,"column":0},"end":{"line":259,"column":7}},"259":{"start":{"line":260,"column":0},"end":{"line":260,"column":0}},"260":{"start":{"line":261,"column":0},"end":{"line":261,"column":74}},"261":{"start":{"line":262,"column":0},"end":{"line":262,"column":41}},"262":{"start":{"line":263,"column":0},"end":{"line":263,"column":56}},"263":{"start":{"line":264,"column":0},"end":{"line":264,"column":80}},"264":{"start":{"line":265,"column":0},"end":{"line":265,"column":40}},"265":{"start":{"line":266,"column":0},"end":{"line":266,"column":7}},"266":{"start":{"line":267,"column":0},"end":{"line":267,"column":0}},"267":{"start":{"line":268,"column":0},"end":{"line":268,"column":92}},"268":{"start":{"line":269,"column":0},"end":{"line":269,"column":41}},"269":{"start":{"line":270,"column":0},"end":{"line":270,"column":71}},"270":{"start":{"line":271,"column":0},"end":{"line":271,"column":59}},"271":{"start":{"line":272,"column":0},"end":{"line":272,"column":47}},"272":{"start":{"line":273,"column":0},"end":{"line":273,"column":7}},"273":{"start":{"line":274,"column":0},"end":{"line":274,"column":0}},"274":{"start":{"line":275,"column":0},"end":{"line":275,"column":75}},"275":{"start":{"line":276,"column":0},"end":{"line":276,"column":41}},"276":{"start":{"line":277,"column":0},"end":{"line":277,"column":57}},"277":{"start":{"line":278,"column":0},"end":{"line":278,"column":80}},"278":{"start":{"line":279,"column":0},"end":{"line":279,"column":41}},"279":{"start":{"line":280,"column":0},"end":{"line":280,"column":7}},"280":{"start":{"line":281,"column":0},"end":{"line":281,"column":0}},"281":{"start":{"line":282,"column":0},"end":{"line":282,"column":87}},"282":{"start":{"line":283,"column":0},"end":{"line":283,"column":41}},"283":{"start":{"line":284,"column":0},"end":{"line":284,"column":68}},"284":{"start":{"line":285,"column":0},"end":{"line":285,"column":59}},"285":{"start":{"line":286,"column":0},"end":{"line":286,"column":51}},"286":{"start":{"line":287,"column":0},"end":{"line":287,"column":7}},"287":{"start":{"line":288,"column":0},"end":{"line":288,"column":0}},"288":{"start":{"line":289,"column":0},"end":{"line":289,"column":74}},"289":{"start":{"line":290,"column":0},"end":{"line":290,"column":41}},"290":{"start":{"line":291,"column":0},"end":{"line":291,"column":62}},"291":{"start":{"line":292,"column":0},"end":{"line":292,"column":59}},"292":{"start":{"line":293,"column":0},"end":{"line":293,"column":51}},"293":{"start":{"line":294,"column":0},"end":{"line":294,"column":7}},"294":{"start":{"line":295,"column":0},"end":{"line":295,"column":0}},"295":{"start":{"line":296,"column":0},"end":{"line":296,"column":65}},"296":{"start":{"line":297,"column":0},"end":{"line":297,"column":60}},"297":{"start":{"line":298,"column":0},"end":{"line":298,"column":46}},"298":{"start":{"line":299,"column":0},"end":{"line":299,"column":7}},"299":{"start":{"line":300,"column":0},"end":{"line":300,"column":5}},"300":{"start":{"line":301,"column":0},"end":{"line":301,"column":0}},"301":{"start":{"line":302,"column":0},"end":{"line":302,"column":79}},"302":{"start":{"line":303,"column":0},"end":{"line":303,"column":0}},"303":{"start":{"line":304,"column":0},"end":{"line":304,"column":43}},"304":{"start":{"line":305,"column":0},"end":{"line":305,"column":78}},"305":{"start":{"line":306,"column":0},"end":{"line":306,"column":35}},"306":{"start":{"line":307,"column":0},"end":{"line":307,"column":59}},"307":{"start":{"line":308,"column":0},"end":{"line":308,"column":59}},"308":{"start":{"line":309,"column":0},"end":{"line":309,"column":43}},"309":{"start":{"line":310,"column":0},"end":{"line":310,"column":7}},"310":{"start":{"line":311,"column":0},"end":{"line":311,"column":0}},"311":{"start":{"line":312,"column":0},"end":{"line":312,"column":74}},"312":{"start":{"line":313,"column":0},"end":{"line":313,"column":35}},"313":{"start":{"line":314,"column":0},"end":{"line":314,"column":37}},"314":{"start":{"line":315,"column":0},"end":{"line":315,"column":79}},"315":{"start":{"line":316,"column":0},"end":{"line":316,"column":51}},"316":{"start":{"line":317,"column":0},"end":{"line":317,"column":7}},"317":{"start":{"line":318,"column":0},"end":{"line":318,"column":0}},"318":{"start":{"line":319,"column":0},"end":{"line":319,"column":72}},"319":{"start":{"line":320,"column":0},"end":{"line":320,"column":35}},"320":{"start":{"line":321,"column":0},"end":{"line":321,"column":58}},"321":{"start":{"line":322,"column":0},"end":{"line":322,"column":56}},"322":{"start":{"line":323,"column":0},"end":{"line":323,"column":81}},"323":{"start":{"line":324,"column":0},"end":{"line":324,"column":59}},"324":{"start":{"line":325,"column":0},"end":{"line":325,"column":47}},"325":{"start":{"line":326,"column":0},"end":{"line":326,"column":7}},"326":{"start":{"line":327,"column":0},"end":{"line":327,"column":0}},"327":{"start":{"line":328,"column":0},"end":{"line":328,"column":91}},"328":{"start":{"line":329,"column":0},"end":{"line":329,"column":35}},"329":{"start":{"line":330,"column":0},"end":{"line":330,"column":37}},"330":{"start":{"line":331,"column":0},"end":{"line":331,"column":44}},"331":{"start":{"line":332,"column":0},"end":{"line":332,"column":37}},"332":{"start":{"line":333,"column":0},"end":{"line":333,"column":82}},"333":{"start":{"line":334,"column":0},"end":{"line":334,"column":44}},"334":{"start":{"line":335,"column":0},"end":{"line":335,"column":7}},"335":{"start":{"line":336,"column":0},"end":{"line":336,"column":5}},"336":{"start":{"line":337,"column":0},"end":{"line":337,"column":0}},"337":{"start":{"line":338,"column":0},"end":{"line":338,"column":79}},"338":{"start":{"line":339,"column":0},"end":{"line":339,"column":0}},"339":{"start":{"line":340,"column":0},"end":{"line":340,"column":43}},"340":{"start":{"line":341,"column":0},"end":{"line":341,"column":64}},"341":{"start":{"line":342,"column":0},"end":{"line":342,"column":53}},"342":{"start":{"line":343,"column":0},"end":{"line":343,"column":27}},"343":{"start":{"line":344,"column":0},"end":{"line":344,"column":56}},"344":{"start":{"line":345,"column":0},"end":{"line":345,"column":48}},"345":{"start":{"line":346,"column":0},"end":{"line":346,"column":7}},"346":{"start":{"line":347,"column":0},"end":{"line":347,"column":0}},"347":{"start":{"line":348,"column":0},"end":{"line":348,"column":72}},"348":{"start":{"line":349,"column":0},"end":{"line":349,"column":53}},"349":{"start":{"line":350,"column":0},"end":{"line":350,"column":27}},"350":{"start":{"line":351,"column":0},"end":{"line":351,"column":27}},"351":{"start":{"line":352,"column":0},"end":{"line":352,"column":45}},"352":{"start":{"line":353,"column":0},"end":{"line":353,"column":50}},"353":{"start":{"line":354,"column":0},"end":{"line":354,"column":7}},"354":{"start":{"line":355,"column":0},"end":{"line":355,"column":0}},"355":{"start":{"line":356,"column":0},"end":{"line":356,"column":60}},"356":{"start":{"line":357,"column":0},"end":{"line":357,"column":53}},"357":{"start":{"line":358,"column":0},"end":{"line":358,"column":27}},"358":{"start":{"line":359,"column":0},"end":{"line":359,"column":27}},"359":{"start":{"line":360,"column":0},"end":{"line":360,"column":27}},"360":{"start":{"line":361,"column":0},"end":{"line":361,"column":40}},"361":{"start":{"line":362,"column":0},"end":{"line":362,"column":7}},"362":{"start":{"line":363,"column":0},"end":{"line":363,"column":0}},"363":{"start":{"line":364,"column":0},"end":{"line":364,"column":68}},"364":{"start":{"line":365,"column":0},"end":{"line":365,"column":53}},"365":{"start":{"line":366,"column":0},"end":{"line":366,"column":27}},"366":{"start":{"line":367,"column":0},"end":{"line":367,"column":27}},"367":{"start":{"line":368,"column":0},"end":{"line":368,"column":41}},"368":{"start":{"line":369,"column":0},"end":{"line":369,"column":51}},"369":{"start":{"line":370,"column":0},"end":{"line":370,"column":40}},"370":{"start":{"line":371,"column":0},"end":{"line":371,"column":7}},"371":{"start":{"line":372,"column":0},"end":{"line":372,"column":5}},"372":{"start":{"line":373,"column":0},"end":{"line":373,"column":0}},"373":{"start":{"line":374,"column":0},"end":{"line":374,"column":79}},"374":{"start":{"line":375,"column":0},"end":{"line":375,"column":0}},"375":{"start":{"line":376,"column":0},"end":{"line":376,"column":34}},"376":{"start":{"line":377,"column":0},"end":{"line":377,"column":75}},"377":{"start":{"line":378,"column":0},"end":{"line":378,"column":41}},"378":{"start":{"line":379,"column":0},"end":{"line":379,"column":41}},"379":{"start":{"line":380,"column":0},"end":{"line":380,"column":41}},"380":{"start":{"line":381,"column":0},"end":{"line":381,"column":47}},"381":{"start":{"line":382,"column":0},"end":{"line":382,"column":7}},"382":{"start":{"line":383,"column":0},"end":{"line":383,"column":0}},"383":{"start":{"line":384,"column":0},"end":{"line":384,"column":80}},"384":{"start":{"line":385,"column":0},"end":{"line":385,"column":41}},"385":{"start":{"line":386,"column":0},"end":{"line":386,"column":41}},"386":{"start":{"line":387,"column":0},"end":{"line":387,"column":41}},"387":{"start":{"line":388,"column":0},"end":{"line":388,"column":7}},"388":{"start":{"line":389,"column":0},"end":{"line":389,"column":0}},"389":{"start":{"line":390,"column":0},"end":{"line":390,"column":77}},"390":{"start":{"line":391,"column":0},"end":{"line":391,"column":82}},"391":{"start":{"line":392,"column":0},"end":{"line":392,"column":82}},"392":{"start":{"line":393,"column":0},"end":{"line":393,"column":41}},"393":{"start":{"line":394,"column":0},"end":{"line":394,"column":47}},"394":{"start":{"line":395,"column":0},"end":{"line":395,"column":7}},"395":{"start":{"line":396,"column":0},"end":{"line":396,"column":0}},"396":{"start":{"line":397,"column":0},"end":{"line":397,"column":73}},"397":{"start":{"line":398,"column":0},"end":{"line":398,"column":49}},"398":{"start":{"line":399,"column":0},"end":{"line":399,"column":47}},"399":{"start":{"line":400,"column":0},"end":{"line":400,"column":70}},"400":{"start":{"line":401,"column":0},"end":{"line":401,"column":41}},"401":{"start":{"line":402,"column":0},"end":{"line":402,"column":48}},"402":{"start":{"line":403,"column":0},"end":{"line":403,"column":7}},"403":{"start":{"line":404,"column":0},"end":{"line":404,"column":0}},"404":{"start":{"line":405,"column":0},"end":{"line":405,"column":72}},"405":{"start":{"line":406,"column":0},"end":{"line":406,"column":35}},"406":{"start":{"line":407,"column":0},"end":{"line":407,"column":35}},"407":{"start":{"line":408,"column":0},"end":{"line":408,"column":41}},"408":{"start":{"line":409,"column":0},"end":{"line":409,"column":37}},"409":{"start":{"line":410,"column":0},"end":{"line":410,"column":7}},"410":{"start":{"line":411,"column":0},"end":{"line":411,"column":0}},"411":{"start":{"line":412,"column":0},"end":{"line":412,"column":76}},"412":{"start":{"line":413,"column":0},"end":{"line":413,"column":37}},"413":{"start":{"line":414,"column":0},"end":{"line":414,"column":35}},"414":{"start":{"line":415,"column":0},"end":{"line":415,"column":41}},"415":{"start":{"line":416,"column":0},"end":{"line":416,"column":54}},"416":{"start":{"line":417,"column":0},"end":{"line":417,"column":7}},"417":{"start":{"line":418,"column":0},"end":{"line":418,"column":0}},"418":{"start":{"line":419,"column":0},"end":{"line":419,"column":74}},"419":{"start":{"line":420,"column":0},"end":{"line":420,"column":38}},"420":{"start":{"line":421,"column":0},"end":{"line":421,"column":35}},"421":{"start":{"line":422,"column":0},"end":{"line":422,"column":41}},"422":{"start":{"line":423,"column":0},"end":{"line":423,"column":61}},"423":{"start":{"line":424,"column":0},"end":{"line":424,"column":7}},"424":{"start":{"line":425,"column":0},"end":{"line":425,"column":0}},"425":{"start":{"line":426,"column":0},"end":{"line":426,"column":109}},"426":{"start":{"line":427,"column":0},"end":{"line":427,"column":61}},"427":{"start":{"line":428,"column":0},"end":{"line":428,"column":57}},"428":{"start":{"line":429,"column":0},"end":{"line":429,"column":7}},"429":{"start":{"line":430,"column":0},"end":{"line":430,"column":5}},"430":{"start":{"line":431,"column":0},"end":{"line":431,"column":0}},"431":{"start":{"line":432,"column":0},"end":{"line":432,"column":79}},"432":{"start":{"line":433,"column":0},"end":{"line":433,"column":0}},"433":{"start":{"line":434,"column":0},"end":{"line":434,"column":29}},"434":{"start":{"line":435,"column":0},"end":{"line":435,"column":0}},"435":{"start":{"line":436,"column":0},"end":{"line":436,"column":50}},"436":{"start":{"line":437,"column":0},"end":{"line":437,"column":84}},"437":{"start":{"line":438,"column":0},"end":{"line":438,"column":32}},"438":{"start":{"line":439,"column":0},"end":{"line":439,"column":50}},"439":{"start":{"line":440,"column":0},"end":{"line":440,"column":9}},"440":{"start":{"line":441,"column":0},"end":{"line":441,"column":0}},"441":{"start":{"line":442,"column":0},"end":{"line":442,"column":79}},"442":{"start":{"line":443,"column":0},"end":{"line":443,"column":32}},"443":{"start":{"line":444,"column":0},"end":{"line":444,"column":49}},"444":{"start":{"line":445,"column":0},"end":{"line":445,"column":9}},"445":{"start":{"line":446,"column":0},"end":{"line":446,"column":7}},"446":{"start":{"line":447,"column":0},"end":{"line":447,"column":0}},"447":{"start":{"line":448,"column":0},"end":{"line":448,"column":75}},"448":{"start":{"line":449,"column":0},"end":{"line":449,"column":24}},"449":{"start":{"line":450,"column":0},"end":{"line":450,"column":37}},"450":{"start":{"line":451,"column":0},"end":{"line":451,"column":9}},"451":{"start":{"line":452,"column":0},"end":{"line":452,"column":0}},"452":{"start":{"line":453,"column":0},"end":{"line":453,"column":78}},"453":{"start":{"line":454,"column":0},"end":{"line":454,"column":32}},"454":{"start":{"line":455,"column":0},"end":{"line":455,"column":48}},"455":{"start":{"line":456,"column":0},"end":{"line":456,"column":54}},"456":{"start":{"line":457,"column":0},"end":{"line":457,"column":27}},"457":{"start":{"line":458,"column":0},"end":{"line":458,"column":10}},"458":{"start":{"line":459,"column":0},"end":{"line":459,"column":9}},"459":{"start":{"line":460,"column":0},"end":{"line":460,"column":0}},"460":{"start":{"line":461,"column":0},"end":{"line":461,"column":54}},"461":{"start":{"line":462,"column":0},"end":{"line":462,"column":32}},"462":{"start":{"line":463,"column":0},"end":{"line":463,"column":49}},"463":{"start":{"line":464,"column":0},"end":{"line":464,"column":66}},"464":{"start":{"line":465,"column":0},"end":{"line":465,"column":61}},"465":{"start":{"line":466,"column":0},"end":{"line":466,"column":9}},"466":{"start":{"line":467,"column":0},"end":{"line":467,"column":0}},"467":{"start":{"line":468,"column":0},"end":{"line":468,"column":86}},"468":{"start":{"line":469,"column":0},"end":{"line":469,"column":37}},"469":{"start":{"line":470,"column":0},"end":{"line":470,"column":32}},"470":{"start":{"line":471,"column":0},"end":{"line":471,"column":49}},"471":{"start":{"line":472,"column":0},"end":{"line":472,"column":66}},"472":{"start":{"line":473,"column":0},"end":{"line":473,"column":53}},"473":{"start":{"line":474,"column":0},"end":{"line":474,"column":9}},"474":{"start":{"line":475,"column":0},"end":{"line":475,"column":0}},"475":{"start":{"line":476,"column":0},"end":{"line":476,"column":111}},"476":{"start":{"line":477,"column":0},"end":{"line":477,"column":32}},"477":{"start":{"line":478,"column":0},"end":{"line":478,"column":49}},"478":{"start":{"line":479,"column":0},"end":{"line":479,"column":66}},"479":{"start":{"line":480,"column":0},"end":{"line":480,"column":45}},"480":{"start":{"line":481,"column":0},"end":{"line":481,"column":54}},"481":{"start":{"line":482,"column":0},"end":{"line":482,"column":53}},"482":{"start":{"line":483,"column":0},"end":{"line":483,"column":59}},"483":{"start":{"line":484,"column":0},"end":{"line":484,"column":54}},"484":{"start":{"line":485,"column":0},"end":{"line":485,"column":9}},"485":{"start":{"line":486,"column":0},"end":{"line":486,"column":0}},"486":{"start":{"line":487,"column":0},"end":{"line":487,"column":67}},"487":{"start":{"line":488,"column":0},"end":{"line":488,"column":53}},"488":{"start":{"line":489,"column":0},"end":{"line":489,"column":32}},"489":{"start":{"line":490,"column":0},"end":{"line":490,"column":49}},"490":{"start":{"line":491,"column":0},"end":{"line":491,"column":66}},"491":{"start":{"line":492,"column":0},"end":{"line":492,"column":56}},"492":{"start":{"line":493,"column":0},"end":{"line":493,"column":9}},"493":{"start":{"line":494,"column":0},"end":{"line":494,"column":0}},"494":{"start":{"line":495,"column":0},"end":{"line":495,"column":60}},"495":{"start":{"line":496,"column":0},"end":{"line":496,"column":32}},"496":{"start":{"line":497,"column":0},"end":{"line":497,"column":50}},"497":{"start":{"line":498,"column":0},"end":{"line":498,"column":9}},"498":{"start":{"line":499,"column":0},"end":{"line":499,"column":0}},"499":{"start":{"line":500,"column":0},"end":{"line":500,"column":63}},"500":{"start":{"line":501,"column":0},"end":{"line":501,"column":43}},"501":{"start":{"line":502,"column":0},"end":{"line":502,"column":32}},"502":{"start":{"line":503,"column":0},"end":{"line":503,"column":48}},"503":{"start":{"line":504,"column":0},"end":{"line":504,"column":9}},"504":{"start":{"line":505,"column":0},"end":{"line":505,"column":0}},"505":{"start":{"line":506,"column":0},"end":{"line":506,"column":74}},"506":{"start":{"line":507,"column":0},"end":{"line":507,"column":32}},"507":{"start":{"line":508,"column":0},"end":{"line":508,"column":49}},"508":{"start":{"line":509,"column":0},"end":{"line":509,"column":9}},"509":{"start":{"line":510,"column":0},"end":{"line":510,"column":7}},"510":{"start":{"line":511,"column":0},"end":{"line":511,"column":0}},"511":{"start":{"line":512,"column":0},"end":{"line":512,"column":83}},"512":{"start":{"line":513,"column":0},"end":{"line":513,"column":24}},"513":{"start":{"line":514,"column":0},"end":{"line":514,"column":65}},"514":{"start":{"line":515,"column":0},"end":{"line":515,"column":63}},"515":{"start":{"line":516,"column":0},"end":{"line":516,"column":63}},"516":{"start":{"line":517,"column":0},"end":{"line":517,"column":11}},"517":{"start":{"line":518,"column":0},"end":{"line":518,"column":37}},"518":{"start":{"line":519,"column":0},"end":{"line":519,"column":9}},"519":{"start":{"line":520,"column":0},"end":{"line":520,"column":0}},"520":{"start":{"line":521,"column":0},"end":{"line":521,"column":68}},"521":{"start":{"line":522,"column":0},"end":{"line":522,"column":32}},"522":{"start":{"line":523,"column":0},"end":{"line":523,"column":51}},"523":{"start":{"line":524,"column":0},"end":{"line":524,"column":9}},"524":{"start":{"line":525,"column":0},"end":{"line":525,"column":0}},"525":{"start":{"line":526,"column":0},"end":{"line":526,"column":55}},"526":{"start":{"line":527,"column":0},"end":{"line":527,"column":32}},"527":{"start":{"line":528,"column":0},"end":{"line":528,"column":47}},"528":{"start":{"line":529,"column":0},"end":{"line":529,"column":54}},"529":{"start":{"line":530,"column":0},"end":{"line":530,"column":53}},"530":{"start":{"line":531,"column":0},"end":{"line":531,"column":10}},"531":{"start":{"line":532,"column":0},"end":{"line":532,"column":9}},"532":{"start":{"line":533,"column":0},"end":{"line":533,"column":0}},"533":{"start":{"line":534,"column":0},"end":{"line":534,"column":63}},"534":{"start":{"line":535,"column":0},"end":{"line":535,"column":32}},"535":{"start":{"line":536,"column":0},"end":{"line":536,"column":48}},"536":{"start":{"line":537,"column":0},"end":{"line":537,"column":83}},"537":{"start":{"line":538,"column":0},"end":{"line":538,"column":9}},"538":{"start":{"line":539,"column":0},"end":{"line":539,"column":0}},"539":{"start":{"line":540,"column":0},"end":{"line":540,"column":72}},"540":{"start":{"line":541,"column":0},"end":{"line":541,"column":32}},"541":{"start":{"line":542,"column":0},"end":{"line":542,"column":65}},"542":{"start":{"line":543,"column":0},"end":{"line":543,"column":49}},"543":{"start":{"line":544,"column":0},"end":{"line":544,"column":9}},"544":{"start":{"line":545,"column":0},"end":{"line":545,"column":0}},"545":{"start":{"line":546,"column":0},"end":{"line":546,"column":81}},"546":{"start":{"line":547,"column":0},"end":{"line":547,"column":32}},"547":{"start":{"line":548,"column":0},"end":{"line":548,"column":50}},"548":{"start":{"line":549,"column":0},"end":{"line":549,"column":9}},"549":{"start":{"line":550,"column":0},"end":{"line":550,"column":0}},"550":{"start":{"line":551,"column":0},"end":{"line":551,"column":80}},"551":{"start":{"line":552,"column":0},"end":{"line":552,"column":70}},"552":{"start":{"line":553,"column":0},"end":{"line":553,"column":63}},"553":{"start":{"line":554,"column":0},"end":{"line":554,"column":9}},"554":{"start":{"line":555,"column":0},"end":{"line":555,"column":7}},"555":{"start":{"line":556,"column":0},"end":{"line":556,"column":0}},"556":{"start":{"line":557,"column":0},"end":{"line":557,"column":43}},"557":{"start":{"line":558,"column":0},"end":{"line":558,"column":98}},"558":{"start":{"line":559,"column":0},"end":{"line":559,"column":37}},"559":{"start":{"line":560,"column":0},"end":{"line":560,"column":53}},"560":{"start":{"line":561,"column":0},"end":{"line":561,"column":31}},"561":{"start":{"line":562,"column":0},"end":{"line":562,"column":75}},"562":{"start":{"line":563,"column":0},"end":{"line":563,"column":50}},"563":{"start":{"line":564,"column":0},"end":{"line":564,"column":9}},"564":{"start":{"line":565,"column":0},"end":{"line":565,"column":0}},"565":{"start":{"line":566,"column":0},"end":{"line":566,"column":87}},"566":{"start":{"line":567,"column":0},"end":{"line":567,"column":37}},"567":{"start":{"line":568,"column":0},"end":{"line":568,"column":32}},"568":{"start":{"line":569,"column":0},"end":{"line":569,"column":61}},"569":{"start":{"line":570,"column":0},"end":{"line":570,"column":32}},"570":{"start":{"line":571,"column":0},"end":{"line":571,"column":52}},"571":{"start":{"line":572,"column":0},"end":{"line":572,"column":9}},"572":{"start":{"line":573,"column":0},"end":{"line":573,"column":7}},"573":{"start":{"line":574,"column":0},"end":{"line":574,"column":5}},"574":{"start":{"line":575,"column":0},"end":{"line":575,"column":3}}},"s":{"0":0,"1":0,"2":0,"3":0,"4":0,"5":0,"6":0,"7":0,"8":0,"9":0,"10":0,"11":0,"12":0,"13":0,"14":0,"15":0,"16":0,"17":0,"18":0,"19":0,"20":0,"21":0,"22":0,"23":0,"24":0,"25":0,"26":0,"27":0,"28":0,"29":0,"30":0,"31":0,"32":0,"33":0,"34":0,"35":0,"36":0,"37":0,"38":0,"39":0,"40":0,"41":0,"42":0,"43":0,"44":0,"45":0,"46":0,"47":0,"48":0,"49":0,"50":0,"51":0,"52":0,"53":0,"54":0,"55":0,"56":0,"57":0,"58":0,"59":0,"60":0,"61":0,"62":0,"63":0,"64":0,"65":0,"66":0,"67":0,"68":0,"69":0,"70":0,"71":0,"72":0,"73":0,"74":0,"75":0,"76":0,"77":0,"78":0,"79":0,"80":0,"81":0,"82":0,"83":0,"84":0,"85":0,"86":0,"87":0,"88":0,"89":0,"90":0,"91":0,"92":0,"93":0,"94":0,"95":0,"96":0,"97":0,"98":0,"99":0,"100":0,"101":0,"102":0,"103":0,"104":0,"105":0,"106":0,"107":0,"108":0,"109":0,"110":0,"111":0,"112":0,"113":0,"114":0,"115":0,"116":0,"117":0,"118":0,"119":0,"120":0,"121":0,"122":0,"123":0,"124":0,"125":0,"126":0,"127":0,"128":0,"129":0,"130":0,"131":0,"132":0,"133":0,"134":0,"135":0,"136":0,"137":0,"138":0,"139":0,"140":0,"141":0,"142":0,"143":0,"144":0,"145":0,"146":0,"147":0,"148":0,"149":0,"150":0,"151":0,"152":0,"153":0,"154":0,"155":0,"156":0,"157":0,"158":0,"159":0,"160":0,"161":0,"162":0,"163":0,"164":0,"165":0,"166":0,"167":0,"168":0,"169":0,"170":0,"171":0,"172":0,"173":0,"174":0,"175":0,"176":0,"177":0,"178":0,"179":0,"180":0,"181":0,"182":0,"183":0,"184":0,"185":0,"186":0,"187":0,"188":0,"189":0,"190":0,"191":0,"192":0,"193":0,"194":0,"195":0,"196":0,"197":0,"198":0,"199":0,"200":0,"201":0,"202":0,"203":0,"204":0,"205":0,"206":0,"207":0,"208":0,"209":0,"210":0,"211":0,"212":0,"213":0,"214":0,"215":0,"216":0,"217":0,"218":0,"219":0,"220":0,"221":0,"222":0,"223":0,"224":0,"225":0,"226":0,"227":0,"228":0,"229":0,"230":0,"231":0,"232":0,"233":0,"234":0,"235":0,"236":0,"237":0,"238":0,"239":0,"240":0,"241":0,"242":0,"243":0,"244":0,"245":0,"246":0,"247":0,"248":0,"249":0,"250":0,"251":0,"252":0,"253":0,"254":0,"255":0,"256":0,"257":0,"258":0,"259":0,"260":0,"261":0,"262":0,"263":0,"264":0,"265":0,"266":0,"267":0,"268":0,"269":0,"270":0,"271":0,"272":0,"273":0,"274":0,"275":0,"276":0,"277":0,"278":0,"279":0,"280":0,"281":0,"282":0,"283":0,"284":0,"285":0,"286":0,"287":0,"288":0,"289":0,"290":0,"291":0,"292":0,"293":0,"294":0,"295":0,"296":0,"297":0,"298":0,"299":0,"300":0,"301":0,"302":0,"303":0,"304":0,"305":0,"306":0,"307":0,"308":0,"309":0,"310":0,"311":0,"312":0,"313":0,"314":0,"315":0,"316":0,"317":0,"318":0,"319":0,"320":0,"321":0,"322":0,"323":0,"324":0,"325":0,"326":0,"327":0,"328":0,"329":0,"330":0,"331":0,"332":0,"333":0,"334":0,"335":0,"336":0,"337":0,"338":0,"339":0,"340":0,"341":0,"342":0,"343":0,"344":0,"345":0,"346":0,"347":0,"348":0,"349":0,"350":0,"351":0,"352":0,"353":0,"354":0,"355":0,"356":0,"357":0,"358":0,"359":0,"360":0,"361":0,"362":0,"363":0,"364":0,"365":0,"366":0,"367":0,"368":0,"369":0,"370":0,"371":0,"372":0,"373":0,"374":0,"375":0,"376":0,"377":0,"378":0,"379":0,"380":0,"381":0,"382":0,"383":0,"384":0,"385":0,"386":0,"387":0,"388":0,"389":0,"390":0,"391":0,"392":0,"393":0,"394":0,"395":0,"396":0,"397":0,"398":0,"399":0,"400":0,"401":0,"402":0,"403":0,"404":0,"405":0,"406":0,"407":0,"408":0,"409":0,"410":0,"411":0,"412":0,"413":0,"414":0,"415":0,"416":0,"417":0,"418":0,"419":0,"420":0,"421":0,"422":0,"423":0,"424":0,"425":0,"426":0,"427":0,"428":0,"429":0,"430":0,"431":0,"432":0,"433":0,"434":0,"435":0,"436":0,"437":0,"438":0,"439":0,"440":0,"441":0,"442":0,"443":0,"444":0,"445":0,"446":0,"447":0,"448":0,"449":0,"450":0,"451":0,"452":0,"453":0,"454":0,"455":0,"456":0,"457":0,"458":0,"459":0,"460":0,"461":0,"462":0,"463":0,"464":0,"465":0,"466":0,"467":0,"468":0,"469":0,"470":0,"471":0,"472":0,"473":0,"474":0,"475":0,"476":0,"477":0,"478":0,"479":0,"480":0,"481":0,"482":0,"483":0,"484":0,"485":0,"486":0,"487":0,"488":0,"489":0,"490":0,"491":0,"492":0,"493":0,"494":0,"495":0,"496":0,"497":0,"498":0,"499":0,"500":0,"501":0,"502":0,"503":0,"504":0,"505":0,"506":0,"507":0,"508":0,"509":0,"510":0,"511":0,"512":0,"513":0,"514":0,"515":0,"516":0,"517":0,"518":0,"519":0,"520":0,"521":0,"522":0,"523":0,"524":0,"525":0,"526":0,"527":0,"528":0,"529":0,"530":0,"531":0,"532":0,"533":0,"534":0,"535":0,"536":0,"537":0,"538":0,"539":0,"540":0,"541":0,"542":0,"543":0,"544":0,"545":0,"546":0,"547":0,"548":0,"549":0,"550":0,"551":0,"552":0,"553":0,"554":0,"555":0,"556":0,"557":0,"558":0,"559":0,"560":0,"561":0,"562":0,"563":0,"564":0,"565":0,"566":0,"567":0,"568":0,"569":0,"570":0,"571":0,"572":0,"573":0,"574":0},"branchMap":{"0":{"type":"branch","line":1,"loc":{"start":{"line":1,"column":0},"end":{"line":575,"column":3}},"locations":[{"start":{"line":1,"column":0},"end":{"line":575,"column":3}}]}},"b":{"0":[0]},"fnMap":{"0":{"name":"(empty-report)","decl":{"start":{"line":1,"column":0},"end":{"line":575,"column":3}},"loc":{"start":{"line":1,"column":0},"end":{"line":575,"column":3}},"line":1}},"f":{"0":0}}
,"C:\\xampp\\htdocs\\PRO-PFE-YOPY\\yopy-platform\\tests\\rayen\\allGames.test.js": {"path":"C:\\xampp\\htdocs\\PRO-PFE-YOPY\\yopy-platform\\tests\\rayen\\allGames.test.js","all":true,"statementMap":{"0":{"start":{"line":1,"column":0},"end":{"line":1,"column":25}},"1":{"start":{"line":2,"column":0},"end":{"line":2,"column":29}},"2":{"start":{"line":3,"column":0},"end":{"line":3,"column":0}},"3":{"start":{"line":4,"column":0},"end":{"line":4,"column":81}},"4":{"start":{"line":5,"column":0},"end":{"line":5,"column":69}},"5":{"start":{"line":6,"column":0},"end":{"line":6,"column":0}},"6":{"start":{"line":7,"column":0},"end":{"line":7,"column":24}},"7":{"start":{"line":8,"column":0},"end":{"line":8,"column":20}},"8":{"start":{"line":9,"column":0},"end":{"line":9,"column":19}},"9":{"start":{"line":10,"column":0},"end":{"line":10,"column":18}},"10":{"start":{"line":11,"column":0},"end":{"line":11,"column":18}},"11":{"start":{"line":12,"column":0},"end":{"line":12,"column":18}},"12":{"start":{"line":13,"column":0},"end":{"line":13,"column":17}},"13":{"start":{"line":14,"column":0},"end":{"line":14,"column":18}},"14":{"start":{"line":15,"column":0},"end":{"line":15,"column":19}},"15":{"start":{"line":16,"column":0},"end":{"line":16,"column":17}},"16":{"start":{"line":17,"column":0},"end":{"line":17,"column":24}},"17":{"start":{"line":18,"column":0},"end":{"line":18,"column":19}},"18":{"start":{"line":19,"column":0},"end":{"line":19,"column":18}},"19":{"start":{"line":20,"column":0},"end":{"line":20,"column":18}},"20":{"start":{"line":21,"column":0},"end":{"line":21,"column":19}},"21":{"start":{"line":22,"column":0},"end":{"line":22,"column":19}},"22":{"start":{"line":23,"column":0},"end":{"line":23,"column":19}},"23":{"start":{"line":24,"column":0},"end":{"line":24,"column":2}},"24":{"start":{"line":25,"column":0},"end":{"line":25,"column":0}},"25":{"start":{"line":26,"column":0},"end":{"line":26,"column":26}},"26":{"start":{"line":27,"column":0},"end":{"line":27,"column":66}},"27":{"start":{"line":28,"column":0},"end":{"line":28,"column":1}},"28":{"start":{"line":29,"column":0},"end":{"line":29,"column":0}},"29":{"start":{"line":30,"column":0},"end":{"line":30,"column":42}},"30":{"start":{"line":31,"column":0},"end":{"line":31,"column":45}},"31":{"start":{"line":32,"column":0},"end":{"line":32,"column":61}},"32":{"start":{"line":33,"column":0},"end":{"line":33,"column":61}},"33":{"start":{"line":34,"column":0},"end":{"line":34,"column":4}},"34":{"start":{"line":35,"column":0},"end":{"line":35,"column":12}},"35":{"start":{"line":36,"column":0},"end":{"line":36,"column":17}},"36":{"start":{"line":37,"column":0},"end":{"line":37,"column":45}},"37":{"start":{"line":38,"column":0},"end":{"line":38,"column":41}},"38":{"start":{"line":39,"column":0},"end":{"line":39,"column":25}},"39":{"start":{"line":40,"column":0},"end":{"line":40,"column":22}},"40":{"start":{"line":41,"column":0},"end":{"line":41,"column":6}},"41":{"start":{"line":42,"column":0},"end":{"line":42,"column":1}},"42":{"start":{"line":43,"column":0},"end":{"line":43,"column":0}},"43":{"start":{"line":44,"column":0},"end":{"line":44,"column":71}},"44":{"start":{"line":45,"column":0},"end":{"line":45,"column":23}},"45":{"start":{"line":46,"column":0},"end":{"line":46,"column":0}},"46":{"start":{"line":47,"column":0},"end":{"line":47,"column":21}},"47":{"start":{"line":48,"column":0},"end":{"line":48,"column":36}},"48":{"start":{"line":49,"column":0},"end":{"line":49,"column":7}},"49":{"start":{"line":50,"column":0},"end":{"line":50,"column":0}},"50":{"start":{"line":51,"column":0},"end":{"line":51,"column":45}},"51":{"start":{"line":52,"column":0},"end":{"line":52,"column":60}},"52":{"start":{"line":53,"column":0},"end":{"line":53,"column":52}},"53":{"start":{"line":54,"column":0},"end":{"line":54,"column":7}},"54":{"start":{"line":55,"column":0},"end":{"line":55,"column":0}},"55":{"start":{"line":56,"column":0},"end":{"line":56,"column":61}},"56":{"start":{"line":57,"column":0},"end":{"line":57,"column":98}},"57":{"start":{"line":58,"column":0},"end":{"line":58,"column":80}},"58":{"start":{"line":59,"column":0},"end":{"line":59,"column":39}},"59":{"start":{"line":60,"column":0},"end":{"line":60,"column":7}},"60":{"start":{"line":61,"column":0},"end":{"line":61,"column":0}},"61":{"start":{"line":62,"column":0},"end":{"line":62,"column":55}},"62":{"start":{"line":63,"column":0},"end":{"line":63,"column":106}},"63":{"start":{"line":64,"column":0},"end":{"line":64,"column":61}},"64":{"start":{"line":65,"column":0},"end":{"line":65,"column":7}},"65":{"start":{"line":66,"column":0},"end":{"line":66,"column":0}},"66":{"start":{"line":67,"column":0},"end":{"line":67,"column":56}},"67":{"start":{"line":68,"column":0},"end":{"line":68,"column":39}},"68":{"start":{"line":69,"column":0},"end":{"line":69,"column":67}},"69":{"start":{"line":70,"column":0},"end":{"line":70,"column":11}},"70":{"start":{"line":71,"column":0},"end":{"line":71,"column":7}},"71":{"start":{"line":72,"column":0},"end":{"line":72,"column":0}},"72":{"start":{"line":73,"column":0},"end":{"line":73,"column":52}},"73":{"start":{"line":74,"column":0},"end":{"line":74,"column":39}},"74":{"start":{"line":75,"column":0},"end":{"line":75,"column":49}},"75":{"start":{"line":76,"column":0},"end":{"line":76,"column":47}},"76":{"start":{"line":77,"column":0},"end":{"line":77,"column":51}},"77":{"start":{"line":78,"column":0},"end":{"line":78,"column":11}},"78":{"start":{"line":79,"column":0},"end":{"line":79,"column":7}},"79":{"start":{"line":80,"column":0},"end":{"line":80,"column":0}},"80":{"start":{"line":81,"column":0},"end":{"line":81,"column":49}},"81":{"start":{"line":82,"column":0},"end":{"line":82,"column":59}},"82":{"start":{"line":83,"column":0},"end":{"line":83,"column":43}},"83":{"start":{"line":84,"column":0},"end":{"line":84,"column":52}},"84":{"start":{"line":85,"column":0},"end":{"line":85,"column":7}},"85":{"start":{"line":86,"column":0},"end":{"line":86,"column":0}},"86":{"start":{"line":87,"column":0},"end":{"line":87,"column":33}},"87":{"start":{"line":88,"column":0},"end":{"line":88,"column":50}},"88":{"start":{"line":89,"column":0},"end":{"line":89,"column":39}},"89":{"start":{"line":90,"column":0},"end":{"line":90,"column":63}},"90":{"start":{"line":91,"column":0},"end":{"line":91,"column":53}},"91":{"start":{"line":92,"column":0},"end":{"line":92,"column":66}},"92":{"start":{"line":93,"column":0},"end":{"line":93,"column":11}},"93":{"start":{"line":94,"column":0},"end":{"line":94,"column":7}},"94":{"start":{"line":95,"column":0},"end":{"line":95,"column":0}},"95":{"start":{"line":96,"column":0},"end":{"line":96,"column":49}},"96":{"start":{"line":97,"column":0},"end":{"line":97,"column":47}},"97":{"start":{"line":98,"column":0},"end":{"line":98,"column":57}},"98":{"start":{"line":99,"column":0},"end":{"line":99,"column":40}},"99":{"start":{"line":100,"column":0},"end":{"line":100,"column":11}},"100":{"start":{"line":101,"column":0},"end":{"line":101,"column":49}},"101":{"start":{"line":102,"column":0},"end":{"line":102,"column":7}},"102":{"start":{"line":103,"column":0},"end":{"line":103,"column":0}},"103":{"start":{"line":104,"column":0},"end":{"line":104,"column":46}},"104":{"start":{"line":105,"column":0},"end":{"line":105,"column":49}},"105":{"start":{"line":106,"column":0},"end":{"line":106,"column":57}},"106":{"start":{"line":107,"column":0},"end":{"line":107,"column":38}},"107":{"start":{"line":108,"column":0},"end":{"line":108,"column":11}},"108":{"start":{"line":109,"column":0},"end":{"line":109,"column":65}},"109":{"start":{"line":110,"column":0},"end":{"line":110,"column":63}},"110":{"start":{"line":111,"column":0},"end":{"line":111,"column":47}},"111":{"start":{"line":112,"column":0},"end":{"line":112,"column":7}},"112":{"start":{"line":113,"column":0},"end":{"line":113,"column":0}},"113":{"start":{"line":114,"column":0},"end":{"line":114,"column":67}},"114":{"start":{"line":115,"column":0},"end":{"line":115,"column":74}},"115":{"start":{"line":116,"column":0},"end":{"line":116,"column":36}},"116":{"start":{"line":117,"column":0},"end":{"line":117,"column":53}},"117":{"start":{"line":118,"column":0},"end":{"line":118,"column":69}},"118":{"start":{"line":119,"column":0},"end":{"line":119,"column":12}},"119":{"start":{"line":120,"column":0},"end":{"line":120,"column":44}},"120":{"start":{"line":121,"column":0},"end":{"line":121,"column":64}},"121":{"start":{"line":122,"column":0},"end":{"line":122,"column":76}},"122":{"start":{"line":123,"column":0},"end":{"line":123,"column":54}},"123":{"start":{"line":124,"column":0},"end":{"line":124,"column":76}},"124":{"start":{"line":125,"column":0},"end":{"line":125,"column":13}},"125":{"start":{"line":126,"column":0},"end":{"line":126,"column":11}},"126":{"start":{"line":127,"column":0},"end":{"line":127,"column":7}},"127":{"start":{"line":128,"column":0},"end":{"line":128,"column":0}},"128":{"start":{"line":129,"column":0},"end":{"line":129,"column":59}},"129":{"start":{"line":130,"column":0},"end":{"line":130,"column":37}},"130":{"start":{"line":131,"column":0},"end":{"line":131,"column":8}},"131":{"start":{"line":132,"column":0},"end":{"line":132,"column":39}},"132":{"start":{"line":133,"column":0},"end":{"line":133,"column":63}},"133":{"start":{"line":134,"column":0},"end":{"line":134,"column":80}},"134":{"start":{"line":135,"column":0},"end":{"line":135,"column":64}},"135":{"start":{"line":136,"column":0},"end":{"line":136,"column":11}},"136":{"start":{"line":137,"column":0},"end":{"line":137,"column":8}},"137":{"start":{"line":138,"column":0},"end":{"line":138,"column":63}},"138":{"start":{"line":139,"column":0},"end":{"line":139,"column":51}},"139":{"start":{"line":140,"column":0},"end":{"line":140,"column":7}},"140":{"start":{"line":141,"column":0},"end":{"line":141,"column":0}},"141":{"start":{"line":142,"column":0},"end":{"line":142,"column":38}},"142":{"start":{"line":143,"column":0},"end":{"line":143,"column":57}},"143":{"start":{"line":144,"column":0},"end":{"line":144,"column":28}},"144":{"start":{"line":145,"column":0},"end":{"line":145,"column":54}},"145":{"start":{"line":146,"column":0},"end":{"line":146,"column":46}},"146":{"start":{"line":147,"column":0},"end":{"line":147,"column":48}},"147":{"start":{"line":148,"column":0},"end":{"line":148,"column":46}},"148":{"start":{"line":149,"column":0},"end":{"line":149,"column":10}},"149":{"start":{"line":150,"column":0},"end":{"line":150,"column":8}},"150":{"start":{"line":151,"column":0},"end":{"line":151,"column":39}},"151":{"start":{"line":152,"column":0},"end":{"line":152,"column":63}},"152":{"start":{"line":153,"column":0},"end":{"line":153,"column":61}},"153":{"start":{"line":154,"column":0},"end":{"line":154,"column":62}},"154":{"start":{"line":155,"column":0},"end":{"line":155,"column":46}},"155":{"start":{"line":156,"column":0},"end":{"line":156,"column":60}},"156":{"start":{"line":157,"column":0},"end":{"line":157,"column":44}},"157":{"start":{"line":158,"column":0},"end":{"line":158,"column":62}},"158":{"start":{"line":159,"column":0},"end":{"line":159,"column":20}},"159":{"start":{"line":160,"column":0},"end":{"line":160,"column":59}},"160":{"start":{"line":161,"column":0},"end":{"line":161,"column":13}},"161":{"start":{"line":162,"column":0},"end":{"line":162,"column":11}},"162":{"start":{"line":163,"column":0},"end":{"line":163,"column":8}},"163":{"start":{"line":164,"column":0},"end":{"line":164,"column":90}},"164":{"start":{"line":165,"column":0},"end":{"line":165,"column":45}},"165":{"start":{"line":166,"column":0},"end":{"line":166,"column":7}},"166":{"start":{"line":167,"column":0},"end":{"line":167,"column":0}},"167":{"start":{"line":168,"column":0},"end":{"line":168,"column":59}},"168":{"start":{"line":169,"column":0},"end":{"line":169,"column":90}},"169":{"start":{"line":170,"column":0},"end":{"line":170,"column":61}},"170":{"start":{"line":171,"column":0},"end":{"line":171,"column":47}},"171":{"start":{"line":172,"column":0},"end":{"line":172,"column":7}},"172":{"start":{"line":173,"column":0},"end":{"line":173,"column":0}},"173":{"start":{"line":174,"column":0},"end":{"line":174,"column":61}},"174":{"start":{"line":175,"column":0},"end":{"line":175,"column":90}},"175":{"start":{"line":176,"column":0},"end":{"line":176,"column":63}},"176":{"start":{"line":177,"column":0},"end":{"line":177,"column":80}},"177":{"start":{"line":178,"column":0},"end":{"line":178,"column":53}},"178":{"start":{"line":179,"column":0},"end":{"line":179,"column":7}},"179":{"start":{"line":180,"column":0},"end":{"line":180,"column":0}},"180":{"start":{"line":181,"column":0},"end":{"line":181,"column":57}},"181":{"start":{"line":182,"column":0},"end":{"line":182,"column":39}},"182":{"start":{"line":183,"column":0},"end":{"line":183,"column":49}},"183":{"start":{"line":184,"column":0},"end":{"line":184,"column":73}},"184":{"start":{"line":185,"column":0},"end":{"line":185,"column":53}},"185":{"start":{"line":186,"column":0},"end":{"line":186,"column":51}},"186":{"start":{"line":187,"column":0},"end":{"line":187,"column":11}},"187":{"start":{"line":188,"column":0},"end":{"line":188,"column":7}},"188":{"start":{"line":189,"column":0},"end":{"line":189,"column":0}},"189":{"start":{"line":190,"column":0},"end":{"line":190,"column":65}},"190":{"start":{"line":191,"column":0},"end":{"line":191,"column":39}},"191":{"start":{"line":192,"column":0},"end":{"line":192,"column":49}},"192":{"start":{"line":193,"column":0},"end":{"line":193,"column":78}},"193":{"start":{"line":194,"column":0},"end":{"line":194,"column":11}},"194":{"start":{"line":195,"column":0},"end":{"line":195,"column":7}},"195":{"start":{"line":196,"column":0},"end":{"line":196,"column":0}},"196":{"start":{"line":197,"column":0},"end":{"line":197,"column":43}},"197":{"start":{"line":198,"column":0},"end":{"line":198,"column":74}},"198":{"start":{"line":199,"column":0},"end":{"line":199,"column":36}},"199":{"start":{"line":200,"column":0},"end":{"line":200,"column":17}},"200":{"start":{"line":201,"column":0},"end":{"line":201,"column":67}},"201":{"start":{"line":202,"column":0},"end":{"line":202,"column":43}},"202":{"start":{"line":203,"column":0},"end":{"line":203,"column":84}},"203":{"start":{"line":204,"column":0},"end":{"line":204,"column":61}},"204":{"start":{"line":205,"column":0},"end":{"line":205,"column":17}},"205":{"start":{"line":206,"column":0},"end":{"line":206,"column":41}},"206":{"start":{"line":207,"column":0},"end":{"line":207,"column":88}},"207":{"start":{"line":208,"column":0},"end":{"line":208,"column":63}},"208":{"start":{"line":209,"column":0},"end":{"line":209,"column":17}},"209":{"start":{"line":210,"column":0},"end":{"line":210,"column":27}},"210":{"start":{"line":211,"column":0},"end":{"line":211,"column":84}},"211":{"start":{"line":212,"column":0},"end":{"line":212,"column":13}},"212":{"start":{"line":213,"column":0},"end":{"line":213,"column":11}},"213":{"start":{"line":214,"column":0},"end":{"line":214,"column":7}},"214":{"start":{"line":215,"column":0},"end":{"line":215,"column":0}},"215":{"start":{"line":216,"column":0},"end":{"line":216,"column":34}},"216":{"start":{"line":217,"column":0},"end":{"line":217,"column":51}},"217":{"start":{"line":218,"column":0},"end":{"line":218,"column":23}},"218":{"start":{"line":219,"column":0},"end":{"line":219,"column":41}},"219":{"start":{"line":220,"column":0},"end":{"line":220,"column":27}},"220":{"start":{"line":221,"column":0},"end":{"line":221,"column":29}},"221":{"start":{"line":222,"column":0},"end":{"line":222,"column":29}},"222":{"start":{"line":223,"column":0},"end":{"line":223,"column":27}},"223":{"start":{"line":224,"column":0},"end":{"line":224,"column":28}},"224":{"start":{"line":225,"column":0},"end":{"line":225,"column":10}},"225":{"start":{"line":226,"column":0},"end":{"line":226,"column":8}},"226":{"start":{"line":227,"column":0},"end":{"line":227,"column":39}},"227":{"start":{"line":228,"column":0},"end":{"line":228,"column":63}},"228":{"start":{"line":229,"column":0},"end":{"line":229,"column":58}},"229":{"start":{"line":230,"column":0},"end":{"line":230,"column":58}},"230":{"start":{"line":231,"column":0},"end":{"line":231,"column":82}},"231":{"start":{"line":232,"column":0},"end":{"line":232,"column":12}},"232":{"start":{"line":233,"column":0},"end":{"line":233,"column":17}},"233":{"start":{"line":234,"column":0},"end":{"line":234,"column":43}},"234":{"start":{"line":235,"column":0},"end":{"line":235,"column":84}},"235":{"start":{"line":236,"column":0},"end":{"line":236,"column":68}},"236":{"start":{"line":237,"column":0},"end":{"line":237,"column":17}},"237":{"start":{"line":238,"column":0},"end":{"line":238,"column":26}},"238":{"start":{"line":239,"column":0},"end":{"line":239,"column":11}},"239":{"start":{"line":240,"column":0},"end":{"line":240,"column":8}},"240":{"start":{"line":241,"column":0},"end":{"line":241,"column":81}},"241":{"start":{"line":242,"column":0},"end":{"line":242,"column":8}},"242":{"start":{"line":243,"column":0},"end":{"line":243,"column":54}},"243":{"start":{"line":244,"column":0},"end":{"line":244,"column":59}},"244":{"start":{"line":245,"column":0},"end":{"line":245,"column":53}},"245":{"start":{"line":246,"column":0},"end":{"line":246,"column":60}},"246":{"start":{"line":247,"column":0},"end":{"line":247,"column":7}},"247":{"start":{"line":248,"column":0},"end":{"line":248,"column":0}},"248":{"start":{"line":249,"column":0},"end":{"line":249,"column":73}},"249":{"start":{"line":250,"column":0},"end":{"line":250,"column":35}},"250":{"start":{"line":251,"column":0},"end":{"line":251,"column":39}},"251":{"start":{"line":252,"column":0},"end":{"line":252,"column":51}},"252":{"start":{"line":253,"column":0},"end":{"line":253,"column":35}},"253":{"start":{"line":254,"column":0},"end":{"line":254,"column":85}},"254":{"start":{"line":255,"column":0},"end":{"line":255,"column":59}},"255":{"start":{"line":256,"column":0},"end":{"line":256,"column":39}},"256":{"start":{"line":257,"column":0},"end":{"line":257,"column":15}},"257":{"start":{"line":258,"column":0},"end":{"line":258,"column":11}},"258":{"start":{"line":259,"column":0},"end":{"line":259,"column":7}},"259":{"start":{"line":260,"column":0},"end":{"line":260,"column":0}},"260":{"start":{"line":261,"column":0},"end":{"line":261,"column":66}},"261":{"start":{"line":262,"column":0},"end":{"line":262,"column":74}},"262":{"start":{"line":263,"column":0},"end":{"line":263,"column":36}},"263":{"start":{"line":264,"column":0},"end":{"line":264,"column":51}},"264":{"start":{"line":265,"column":0},"end":{"line":265,"column":52}},"265":{"start":{"line":266,"column":0},"end":{"line":266,"column":11}},"266":{"start":{"line":267,"column":0},"end":{"line":267,"column":7}},"267":{"start":{"line":268,"column":0},"end":{"line":268,"column":3}}},"s":{"0":0,"1":0,"2":0,"3":0,"4":0,"5":0,"6":0,"7":0,"8":0,"9":0,"10":0,"11":0,"12":0,"13":0,"14":0,"15":0,"16":0,"17":0,"18":0,"19":0,"20":0,"21":0,"22":0,"23":0,"24":0,"25":0,"26":0,"27":0,"28":0,"29":0,"30":0,"31":0,"32":0,"33":0,"34":0,"35":0,"36":0,"37":0,"38":0,"39":0,"40":0,"41":0,"42":0,"43":0,"44":0,"45":0,"46":0,"47":0,"48":0,"49":0,"50":0,"51":0,"52":0,"53":0,"54":0,"55":0,"56":0,"57":0,"58":0,"59":0,"60":0,"61":0,"62":0,"63":0,"64":0,"65":0,"66":0,"67":0,"68":0,"69":0,"70":0,"71":0,"72":0,"73":0,"74":0,"75":0,"76":0,"77":0,"78":0,"79":0,"80":0,"81":0,"82":0,"83":0,"84":0,"85":0,"86":0,"87":0,"88":0,"89":0,"90":0,"91":0,"92":0,"93":0,"94":0,"95":0,"96":0,"97":0,"98":0,"99":0,"100":0,"101":0,"102":0,"103":0,"104":0,"105":0,"106":0,"107":0,"108":0,"109":0,"110":0,"111":0,"112":0,"113":0,"114":0,"115":0,"116":0,"117":0,"118":0,"119":0,"120":0,"121":0,"122":0,"123":0,"124":0,"125":0,"126":0,"127":0,"128":0,"129":0,"130":0,"131":0,"132":0,"133":0,"134":0,"135":0,"136":0,"137":0,"138":0,"139":0,"140":0,"141":0,"142":0,"143":0,"144":0,"145":0,"146":0,"147":0,"148":0,"149":0,"150":0,"151":0,"152":0,"153":0,"154":0,"155":0,"156":0,"157":0,"158":0,"159":0,"160":0,"161":0,"162":0,"163":0,"164":0,"165":0,"166":0,"167":0,"168":0,"169":0,"170":0,"171":0,"172":0,"173":0,"174":0,"175":0,"176":0,"177":0,"178":0,"179":0,"180":0,"181":0,"182":0,"183":0,"184":0,"185":0,"186":0,"187":0,"188":0,"189":0,"190":0,"191":0,"192":0,"193":0,"194":0,"195":0,"196":0,"197":0,"198":0,"199":0,"200":0,"201":0,"202":0,"203":0,"204":0,"205":0,"206":0,"207":0,"208":0,"209":0,"210":0,"211":0,"212":0,"213":0,"214":0,"215":0,"216":0,"217":0,"218":0,"219":0,"220":0,"221":0,"222":0,"223":0,"224":0,"225":0,"226":0,"227":0,"228":0,"229":0,"230":0,"231":0,"232":0,"233":0,"234":0,"235":0,"236":0,"237":0,"238":0,"239":0,"240":0,"241":0,"242":0,"243":0,"244":0,"245":0,"246":0,"247":0,"248":0,"249":0,"250":0,"251":0,"252":0,"253":0,"254":0,"255":0,"256":0,"257":0,"258":0,"259":0,"260":0,"261":0,"262":0,"263":0,"264":0,"265":0,"266":0,"267":0},"branchMap":{"0":{"type":"branch","line":1,"loc":{"start":{"line":1,"column":0},"end":{"line":268,"column":3}},"locations":[{"start":{"line":1,"column":0},"end":{"line":268,"column":3}}]}},"b":{"0":[0]},"fnMap":{"0":{"name":"(empty-report)","decl":{"start":{"line":1,"column":0},"end":{"line":268,"column":3}},"loc":{"start":{"line":1,"column":0},"end":{"line":268,"column":3}},"line":1}},"f":{"0":0}}
,"C:\\xampp\\htdocs\\PRO-PFE-YOPY\\yopy-platform\\tests\\rayen\\memory_game.test.js": {"path":"C:\\xampp\\htdocs\\PRO-PFE-YOPY\\yopy-platform\\tests\\rayen\\memory_game.test.js","all":true,"statementMap":{"0":{"start":{"line":1,"column":0},"end":{"line":1,"column":3}},"1":{"start":{"line":2,"column":0},"end":{"line":2,"column":26}},"2":{"start":{"line":3,"column":0},"end":{"line":3,"column":2}},"3":{"start":{"line":4,"column":0},"end":{"line":4,"column":44}},"4":{"start":{"line":5,"column":0},"end":{"line":5,"column":2}},"5":{"start":{"line":6,"column":0},"end":{"line":6,"column":30}},"6":{"start":{"line":7,"column":0},"end":{"line":7,"column":79}},"7":{"start":{"line":8,"column":0},"end":{"line":8,"column":78}},"8":{"start":{"line":9,"column":0},"end":{"line":9,"column":76}},"9":{"start":{"line":10,"column":0},"end":{"line":10,"column":74}},"10":{"start":{"line":11,"column":0},"end":{"line":11,"column":78}},"11":{"start":{"line":12,"column":0},"end":{"line":12,"column":72}},"12":{"start":{"line":13,"column":0},"end":{"line":13,"column":2}},"13":{"start":{"line":14,"column":0},"end":{"line":14,"column":44}},"14":{"start":{"line":15,"column":0},"end":{"line":15,"column":79}},"15":{"start":{"line":16,"column":0},"end":{"line":16,"column":73}},"16":{"start":{"line":17,"column":0},"end":{"line":17,"column":75}},"17":{"start":{"line":18,"column":0},"end":{"line":18,"column":43}},"18":{"start":{"line":19,"column":0},"end":{"line":19,"column":2}},"19":{"start":{"line":20,"column":0},"end":{"line":20,"column":45}},"20":{"start":{"line":21,"column":0},"end":{"line":21,"column":76}},"21":{"start":{"line":22,"column":0},"end":{"line":22,"column":72}},"22":{"start":{"line":23,"column":0},"end":{"line":23,"column":72}},"23":{"start":{"line":24,"column":0},"end":{"line":24,"column":65}},"24":{"start":{"line":25,"column":0},"end":{"line":25,"column":71}},"25":{"start":{"line":26,"column":0},"end":{"line":26,"column":33}},"26":{"start":{"line":27,"column":0},"end":{"line":27,"column":2}},"27":{"start":{"line":28,"column":0},"end":{"line":28,"column":67}},"28":{"start":{"line":29,"column":0},"end":{"line":29,"column":80}},"29":{"start":{"line":30,"column":0},"end":{"line":30,"column":33}},"30":{"start":{"line":31,"column":0},"end":{"line":31,"column":63}},"31":{"start":{"line":32,"column":0},"end":{"line":32,"column":59}},"32":{"start":{"line":33,"column":0},"end":{"line":33,"column":73}},"33":{"start":{"line":34,"column":0},"end":{"line":34,"column":2}},"34":{"start":{"line":35,"column":0},"end":{"line":35,"column":17}},"35":{"start":{"line":36,"column":0},"end":{"line":36,"column":74}},"36":{"start":{"line":37,"column":0},"end":{"line":37,"column":54}},"37":{"start":{"line":38,"column":0},"end":{"line":38,"column":71}},"38":{"start":{"line":39,"column":0},"end":{"line":39,"column":78}},"39":{"start":{"line":40,"column":0},"end":{"line":40,"column":2}},"40":{"start":{"line":41,"column":0},"end":{"line":41,"column":11}},"41":{"start":{"line":42,"column":0},"end":{"line":42,"column":64}},"42":{"start":{"line":43,"column":0},"end":{"line":43,"column":71}},"43":{"start":{"line":44,"column":0},"end":{"line":44,"column":2}},"44":{"start":{"line":45,"column":0},"end":{"line":45,"column":24}},"45":{"start":{"line":46,"column":0},"end":{"line":46,"column":65}},"46":{"start":{"line":47,"column":0},"end":{"line":47,"column":77}},"47":{"start":{"line":48,"column":0},"end":{"line":48,"column":36}},"48":{"start":{"line":49,"column":0},"end":{"line":49,"column":3}},"49":{"start":{"line":50,"column":0},"end":{"line":50,"column":0}},"50":{"start":{"line":51,"column":0},"end":{"line":51,"column":13}},"51":{"start":{"line":52,"column":0},"end":{"line":52,"column":0}},"52":{"start":{"line":53,"column":0},"end":{"line":53,"column":48}},"53":{"start":{"line":54,"column":0},"end":{"line":54,"column":0}},"54":{"start":{"line":55,"column":0},"end":{"line":55,"column":80}},"55":{"start":{"line":56,"column":0},"end":{"line":56,"column":0}},"56":{"start":{"line":57,"column":0},"end":{"line":57,"column":18}},"57":{"start":{"line":58,"column":0},"end":{"line":58,"column":19}},"58":{"start":{"line":59,"column":0},"end":{"line":59,"column":75}},"59":{"start":{"line":60,"column":0},"end":{"line":60,"column":83}},"60":{"start":{"line":61,"column":0},"end":{"line":61,"column":75}},"61":{"start":{"line":62,"column":0},"end":{"line":62,"column":19}},"62":{"start":{"line":63,"column":0},"end":{"line":63,"column":19}},"63":{"start":{"line":64,"column":0},"end":{"line":64,"column":69}},"64":{"start":{"line":65,"column":0},"end":{"line":65,"column":2}},"65":{"start":{"line":66,"column":0},"end":{"line":66,"column":0}},"66":{"start":{"line":67,"column":0},"end":{"line":67,"column":14}},"67":{"start":{"line":68,"column":0},"end":{"line":68,"column":0}},"68":{"start":{"line":69,"column":0},"end":{"line":69,"column":81}},"69":{"start":{"line":70,"column":0},"end":{"line":70,"column":0}},"70":{"start":{"line":71,"column":0},"end":{"line":71,"column":37}},"71":{"start":{"line":72,"column":0},"end":{"line":72,"column":16}},"72":{"start":{"line":73,"column":0},"end":{"line":73,"column":22}},"73":{"start":{"line":74,"column":0},"end":{"line":74,"column":11}},"74":{"start":{"line":75,"column":0},"end":{"line":75,"column":18}},"75":{"start":{"line":76,"column":0},"end":{"line":76,"column":0}},"76":{"start":{"line":77,"column":0},"end":{"line":77,"column":79}},"77":{"start":{"line":78,"column":0},"end":{"line":78,"column":60}},"78":{"start":{"line":79,"column":0},"end":{"line":79,"column":0}},"79":{"start":{"line":80,"column":0},"end":{"line":80,"column":19}},"80":{"start":{"line":81,"column":0},"end":{"line":81,"column":25}},"81":{"start":{"line":82,"column":0},"end":{"line":82,"column":0}},"82":{"start":{"line":83,"column":0},"end":{"line":83,"column":31}},"83":{"start":{"line":84,"column":0},"end":{"line":84,"column":38}},"84":{"start":{"line":85,"column":0},"end":{"line":85,"column":35}},"85":{"start":{"line":86,"column":0},"end":{"line":86,"column":32}},"86":{"start":{"line":87,"column":0},"end":{"line":87,"column":32}},"87":{"start":{"line":88,"column":0},"end":{"line":88,"column":33}},"88":{"start":{"line":89,"column":0},"end":{"line":89,"column":31}},"89":{"start":{"line":90,"column":0},"end":{"line":90,"column":36}},"90":{"start":{"line":91,"column":0},"end":{"line":91,"column":37}},"91":{"start":{"line":92,"column":0},"end":{"line":92,"column":32}},"92":{"start":{"line":93,"column":0},"end":{"line":93,"column":31}},"93":{"start":{"line":94,"co
[...]
,"end":{"line":458,"column":7}},"458":{"start":{"line":459,"column":0},"end":{"line":459,"column":0}},"459":{"start":{"line":460,"column":0},"end":{"line":460,"column":89}},"460":{"start":{"line":461,"column":0},"end":{"line":461,"column":20}},"461":{"start":{"line":462,"column":0},"end":{"line":462,"column":30}},"462":{"start":{"line":463,"column":0},"end":{"line":463,"column":63}},"463":{"start":{"line":464,"column":0},"end":{"line":464,"column":44}},"464":{"start":{"line":465,"column":0},"end":{"line":465,"column":53}},"465":{"start":{"line":466,"column":0},"end":{"line":466,"column":7}},"466":{"start":{"line":467,"column":0},"end":{"line":467,"column":0}},"467":{"start":{"line":468,"column":0},"end":{"line":468,"column":55}},"468":{"start":{"line":469,"column":0},"end":{"line":469,"column":20}},"469":{"start":{"line":470,"column":0},"end":{"line":470,"column":30}},"470":{"start":{"line":471,"column":0},"end":{"line":471,"column":69}},"471":{"start":{"line":472,"column":0},"end":{"line":472,"column":47}},"472":{"start":{"line":473,"column":0},"end":{"line":473,"column":7}},"473":{"start":{"line":474,"column":0},"end":{"line":474,"column":0}},"474":{"start":{"line":475,"column":0},"end":{"line":475,"column":60}},"475":{"start":{"line":476,"column":0},"end":{"line":476,"column":20}},"476":{"start":{"line":477,"column":0},"end":{"line":477,"column":30}},"477":{"start":{"line":478,"column":0},"end":{"line":478,"column":69}},"478":{"start":{"line":479,"column":0},"end":{"line":479,"column":48}},"479":{"start":{"line":480,"column":0},"end":{"line":480,"column":7}},"480":{"start":{"line":481,"column":0},"end":{"line":481,"column":0}},"481":{"start":{"line":482,"column":0},"end":{"line":482,"column":71}},"482":{"start":{"line":483,"column":0},"end":{"line":483,"column":20}},"483":{"start":{"line":484,"column":0},"end":{"line":484,"column":30}},"484":{"start":{"line":485,"column":0},"end":{"line":485,"column":78}},"485":{"start":{"line":486,"column":0},"end":{"line":486,"column":56}},"486":{"start":{"line":487,"column":0},"end":{"line":487,"column":7}},"487":{"start":{"line":488,"column":0},"end":{"line":488,"column":0}},"488":{"start":{"line":489,"column":0},"end":{"line":489,"column":95}},"489":{"start":{"line":490,"column":0},"end":{"line":490,"column":70}},"490":{"start":{"line":491,"column":0},"end":{"line":491,"column":32}},"491":{"start":{"line":492,"column":0},"end":{"line":492,"column":33}},"492":{"start":{"line":493,"column":0},"end":{"line":493,"column":31}},"493":{"start":{"line":494,"column":0},"end":{"line":494,"column":32}},"494":{"start":{"line":495,"column":0},"end":{"line":495,"column":14}},"495":{"start":{"line":496,"column":0},"end":{"line":496,"column":73}},"496":{"start":{"line":497,"column":0},"end":{"line":497,"column":8}},"497":{"start":{"line":498,"column":0},"end":{"line":498,"column":0}},"498":{"start":{"line":499,"column":0},"end":{"line":499,"column":20}},"499":{"start":{"line":500,"column":0},"end":{"line":500,"column":30}},"500":{"start":{"line":501,"column":0},"end":{"line":501,"column":69}},"501":{"start":{"line":502,"column":0},"end":{"line":502,"column":36}},"502":{"start":{"line":503,"column":0},"end":{"line":503,"column":7}},"503":{"start":{"line":504,"column":0},"end":{"line":504,"column":5}},"504":{"start":{"line":505,"column":0},"end":{"line":505,"column":3}}},"s":{"0":0,"1":0,"2":0,"3":0,"4":0,"5":0,"6":0,"7":0,"8":0,"9":0,"10":0,"11":0,"12":0,"13":0,"14":0,"15":0,"16":0,"17":0,"18":0,"19":0,"20":0,"21":0,"22":0,"23":0,"24":0,"25":0,"26":0,"27":0,"28":0,"29":0,"30":0,"31":0,"32":0,"33":0,"34":0,"35":0,"36":0,"37":0,"38":0,"39":0,"40":0,"41":0,"42":0,"43":0,"44":0,"45":0,"46":0,"47":0,"48":0,"49":0,"50":0,"51":0,"52":0,"53":0,"54":0,"55":0,"56":0,"57":0,"58":0,"59":0,"60":0,"61":0,"62":0,"63":0,"64":0,"65":0,"66":0,"67":0,"68":0,"69":0,"70":0,"71":0,"72":0,"73":0,"74":0,"75":0,"76":0,"77":0,"78":0,"79":0,"80":0,"81":0,"82":0,"83":0,"84":0,"85":0,"86":0,"87":0,"88":0,"89":0,"90":0,"91":0,"92":0,"93":0,"94":0,"95":0,"96":0,"97":0,"98":0,"99":0,"100":0,"101":0,"102":0,"103":0,"104":0,"105":0,"106":0,"107":0,"108":0,"109":0,"110":0,"111":0,"112":0,"113":0,"114":0,"115":0,"116":0,"117":0,"118":0,"119":0,"120":0,"121":0,"122":0,"123":0,"124":0,"125":0,"126":0,"127":0,"128":0,"129":0,"130":0,"131":0,"132":0,"133":0,"134":0,"135":0,"136":0,"137":0,"138":0,"139":0,"140":0,"141":0,"142":0,"143":0,"144":0,"145":0,"146":0,"147":0,"148":0,"149":0,"150":0,"151":0,"152":0,"153":0,"154":0,"155":0,"156":0,"157":0,"158":0,"159":0,"160":0,"161":0,"162":0,"163":0,"164":0,"165":0,"166":0,"167":0,"168":0,"169":0,"170":0,"171":0,"172":0,"173":0,"174":0,"175":0,"176":0,"177":0,"178":0,"179":0,"180":0,"181":0,"182":0,"183":0,"184":0,"185":0,"186":0,"187":0,"188":0,"189":0,"190":0,"191":0,"192":0,"193":0,"194":0,"195":0,"196":0,"197":0,"198":0,"199":0,"200":0,"201":0,"202":0,"203":0,"204":0,"205":0,"206":0,"207":0,"208":0,"209":0,"210":0,"211":0,"212":0,"213":0,"214":0,"215":0,"216":0,"217":0,"218":0,"219":0,"220":0,"221":0,"222":0,"223":0,"224":0,"225":0,"226":0,"227":0,"228":0,"229":0,"230":0,"231":0,"232":0,"233":0,"234":0,"235":0,"236":0,"237":0,"238":0,"239":0,"240":0,"241":0,"242":0,"243":0,"244":0,"245":0,"246":0,"247":0,"248":0,"249":0,"250":0,"251":0,"252":0,"253":0,"254":0,"255":0,"256":0,"257":0,"258":0,"259":0,"260":0,"261":0,"262":0,"263":0,"264":0,"265":0,"266":0,"267":0,"268":0,"269":0,"270":0,"271":0,"272":0,"273":0,"274":0,"275":0,"276":0,"277":0,"278":0,"279":0,"280":0,"281":0,"282":0,"283":0,"284":0,"285":0,"286":0,"287":0,"288":0,"289":0,"290":0,"291":0,"292":0,"293":0,"294":0,"295":0,"296":0,"297":0,"298":0,"299":0,"300":0,"301":0,"302":0,"303":0,"304":0,"305":0,"306":0,"307":0,"308":0,"309":0,"310":0,"311":0,"312":0,"313":0,"314":0,"315":0,"316":0,"317":0,"318":0,"319":0,"320":0,"321":0,"322":0,"323":0,"324":0,"325":0,"326":0,"327":0,"328":0,"329":0,"330":0,"331":0,"332":0,"333":0,"334":0,"335":0,"336":0,"337":0,"338":0,"339":0,"340":0,"341":0,"342":0,"343":0,"344":0,"345":0,"346":0,"347":0,"348":0,"349":0,"350":0,"351":0,"352":0,"353":0,"354":0,"355":0,"356":0,"357":0,"358":0,"359":0,"360":0,"361":0,"362":0,"363":0,"364":0,"365":0,"366":0,"367":0,"368":0,"369":0,"370":0,"371":0,"372":0,"373":0,"374":0,"375":0,"376":0,"377":0,"378":0,"379":0,"380":0,"381":0,"382":0,"383":0,"384":0,"385":0,"386":0,"387":0,"388":0,"389":0,"390":0,"391":0,"392":0,"393":0,"394":0,"395":0,"396":0,"397":0,"398":0,"399":0,"400":0,"401":0,"402":0,"403":0,"404":0,"405":0,"406":0,"407":0,"408":0,"409":0,"410":0,"411":0,"412":0,"413":0,"414":0,"415":0,"416":0,"417":0,"418":0,"419":0,"420":0,"421":0,"422":0,"423":0,"424":0,"425":0,"426":0,"427":0,"428":0,"429":0,"430":0,"431":0,"432":0,"433":0,"434":0,"435":0,"436":0,"437":0,"438":0,"439":0,"440":0,"441":0,"442":0,"443":0,"444":0,"445":0,"446":0,"447":0,"448":0,"449":0,"450":0,"451":0,"452":0,"453":0,"454":0,"455":0,"456":0,"457":0,"458":0,"459":0,"460":0,"461":0,"462":0,"463":0,"464":0,"465":0,"466":0,"467":0,"468":0,"469":0,"470":0,"471":0,"472":0,"473":0,"474":0,"475":0,"476":0,"477":0,"478":0,"479":0,"480":0,"481":0,"482":0,"483":0,"484":0,"485":0,"486":0,"487":0,"488":0,"489":0,"490":0,"491":0,"492":0,"493":0,"494":0,"495":0,"496":0,"497":0,"498":0,"499":0,"500":0,"501":0,"502":0,"503":0,"504":0},"branchMap":{"0":{"type":"branch","line":1,"loc":{"start":{"line":1,"column":0},"end":{"line":505,"column":3}},"locations":[{"start":{"line":1,"column":0},"end":{"line":505,"column":3}}]}},"b":{"0":[0]},"fnMap":{"0":{"name":"(empty-report)","decl":{"start":{"line":1,"column":0},"end":{"line":505,"column":3}},"loc":{"start":{"line":1,"column":0},"end":{"line":505,"column":3}},"line":1}},"f":{"0":0}}
,"C:\\xampp\\htdocs\\PRO-PFE-YOPY\\yopy-platform\\tests\\rayen\\testHelpers.js": {"path":"C:\\xampp\\htdocs\\PRO-PFE-YOPY\\yopy-platform\\tests\\rayen\\testHelpers.js","all":true,"statementMap":{"0":{"start":{"line":1,"column":0},"end":{"line":1,"column":44}},"1":{"start":{"line":2,"column":0},"end":{"line":2,"column":87}},"2":{"start":{"line":3,"column":0},"end":{"line":3,"column":0}},"3":{"start":{"line":4,"column":0},"end":{"line":4,"column":29}},"4":{"start":{"line":5,"column":0},"end":{"line":5,"column":0}},"5":{"start":{"line":6,"column":0},"end":{"line":6,"column":45}},"6":{"start":{"line":7,"column":0},"end":{"line":7,"column":33}},"7":{"start":{"line":8,"column":0},"end":{"line":8,"column":72}},"8":{"start":{"line":9,"column":0},"end":{"line":9,"column":46}},"9":{"start":{"line":10,"column":0},"end":{"line":10,"column":5}},"10":{"start":{"line":11,"column":0},"end":{"line":11,"column":72}},"11":{"start":{"line":12,"column":0},"end":{"line":12,"column":46}},"12":{"start":{"line":13,"column":0},"end":{"line":13,"column":5}},"13":{"start":{"line":14,"column":0},"end":{"line":14,"column":1}},"14":{"start":{"line":15,"column":0},"end":{"line":15,"column":0}},"15":{"start":{"line":16,"column":0},"end":{"line":16,"column":65}},"16":{"start":{"line":17,"column":0},"end":{"line":17,"column":71}},"17":{"start":{"line":18,"column":0},"end":{"line":18,"column":27}},"18":{"start":{"line":19,"column":0},"end":{"line":19,"column":4}},"19":{"start":{"line":20,"column":0},"end":{"line":20,"column":47}},"20":{"start":{"line":21,"column":0},"end":{"line":21,"column":111}},"21":{"start":{"line":22,"column":0},"end":{"line":22,"column":5}},"22":{"start":{"line":23,"column":0},"end":{"line":23,"column":4}},"23":{"start":{"line":24,"column":0},"end":{"line":24,"column":17}},"24":{"start":{"line":25,"column":0},"end":{"line":25,"column":33}},"25":{"start":{"line":26,"column":0},"end":{"line":26,"column":4}},"26":{"start":{"line":27,"column":0},"end":{"line":27,"column":49}},"27":{"start":{"line":28,"column":0},"end":{"line":28,"column":31}},"28":{"start":{"line":29,"column":0},"end":{"line":29,"column":31}},"29":{"start":{"line":30,"column":0},"end":{"line":30,"column":22}},"30":{"start":{"line":31,"column":0},"end":{"line":31,"column":61}},"31":{"start":{"line":32,"column":0},"end":{"line":32,"column":65}},"32":{"start":{"line":33,"column":0},"end":{"line":33,"column":56}},"33":{"start":{"line":34,"column":0},"end":{"line":34,"column":40}},"34":{"start":{"line":35,"column":0},"end":{"line":35,"column":10}},"35":{"start":{"line":36,"column":0},"end":{"line":36,"column":5}},"36":{"start":{"line":37,"column":0},"end":{"line":37,"column":4}},"37":{"start":{"line":38,"column":0},"end":{"line":38,"column":41}},"38":{"start":{"line":39,"column":0},"end":{"line":39,"column":33}},"39":{"start":{"line":40,"column":0},"end":{"line":40,"column":33}},"40":{"start":{"line":41,"column":0},"end":{"line":41,"column":22}},"41":{"start":{"line":42,"column":0},"end":{"line":42,"column":61}},"42":{"start":{"line":43,"column":0},"end":{"line":43,"column":65}},"43":{"start":{"line":44,"column":0},"end":{"line":44,"column":56}},"44":{"start":{"line":45,"column":0},"end":{"line":45,"column":40}},"45":{"start":{"line":46,"column":0},"end":{"line":46,"column":10}},"46":{"start":{"line":47,"column":0},"end":{"line":47,"column":5}},"47":{"start":{"line":48,"column":0},"end":{"line":48,"column":1}},"48":{"start":{"line":49,"column":0},"end":{"line":49,"column":0}},"49":{"start":{"line":50,"column":0},"end":{"line":50,"column":27}},"50":{"start":{"line":51,"column":0},"end":{"line":51,"column":24}},"51":{"start":{"line":52,"column":0},"end":{"line":52,"column":30}},"52":{"start":{"line":53,"column":0},"end":{"line":53,"column":36}},"53":{"start":{"line":54,"column":0},"end":{"line":54,"column":5}},"54":{"start":{"line":55,"column":0},"end":{"line":55,"column":32}},"55":{"start":{"line":56,"column":0},"end":{"line":56,"column":38}},"56":{"start":{"line":57,"column":0},"end":{"line":57,"column":5}},"57":{"start":{"line":58,"column":0},"end":{"line":58,"column":19}},"58":{"start":{"line":59,"column":0},"end":{"line":59,"column":37}},"59":{"start":{"line":60,"column":0},"end":{"line":60,"column":5}},"60":{"start":{"line":61,"column":0},"end":{"line":61,"column":1}},"61":{"start":{"line":62,"column":0},"end":{"line":62,"column":0}},"62":{"start":{"line":63,"column":0},"end":{"line":63,"column":29}},"63":{"start":{"line":64,"column":0},"end":{"line":64,"column":77}},"64":{"start":{"line":65,"column":0},"end":{"line":65,"column":38}},"65":{"start":{"line":66,"column":0},"end":{"line":66,"column":32}},"66":{"start":{"line":67,"column":0},"end":{"line":67,"column":21}},"67":{"start":{"line":68,"column":0},"end":{"line":68,"column":24}},"68":{"start":{"line":69,"column":0},"end":{"line":69,"column":57}},"69":{"start":{"line":70,"column":0},"end":{"line":70,"column":72}},"70":{"start":{"line":71,"column":0},"end":{"line":71,"column":11}},"71":{"start":{"line":72,"column":0},"end":{"line":72,"column":7}},"72":{"start":{"line":73,"column":0},"end":{"line":73,"column":1}},"73":{"start":{"line":74,"column":0},"end":{"line":74,"column":0}},"74":{"start":{"line":75,"column":0},"end":{"line":75,"column":28}},"75":{"start":{"line":76,"column":0},"end":{"line":76,"column":33}},"76":{"start":{"line":77,"column":0},"end":{"line":77,"column":40}},"77":{"start":{"line":78,"column":0},"end":{"line":78,"column":1}},"78":{"start":{"line":79,"column":0},"end":{"line":79,"column":0}},"79":{"start":{"line":80,"column":0},"end":{"line":80,"column":18}},"80":{"start":{"line":81,"column":0},"end":{"line":81,"column":13}},"81":{"start":{"line":82,"column":0},"end":{"line":82,"column":16}},"82":{"start":{"line":83,"column":0},"end":{"line":83,"column":20}},"83":{"start":{"line":84,"column":0},"end":{"line":84,"column":24}},"84":{"start":{"line":85,"column":0},"end":{"line":85,"column":2}},"85":{"start":{"line":86,"column":0},"end":{"line":86,"column":0}},"86":{"start":{"line":87,"column":0},"end":{"line":87,"column":58}},"87":{"start":{"line":88,"column":0},"end":{"line":88,"column":29}},"88":{"start":{"line":89,"column":0},"end":{"line":89,"column":25}},"89":{"start":{"line":90,"column":0},"end":{"line":90,"column":26}},"90":{"start":{"line":91,"column":0},"end":{"line":91,"column":0}},"91":{"start":{"line":92,"column":0},"end":{"line":92,"column":28}},"92":{"start":{"line":93,"column":0},"end":{"line":93,"column":76}},"93":{"start":{"line":94,"column":0},"end":{"line":94,"column":49}},"94":{"start":{"line":95,"column":0},"end":{"line":95,"column":31}},"95":{"start":{"line":96,"column":0},"end":{"line":96,"column":35}},"96":{"start":{"line":97,"column":0},"end":{"line":97,"column":5}},"97":{"start":{"line":98,"column":0},"end":{"line":98,"column":80}},"98":{"start":{"line":99,"column":0},"end":{"line":99,"column":37}},"99":{"start":{"line":100,"column":0},"end":{"line":100,"column":42}},"100":{"start":{"line":101,"column":0},"end":{"line":101,"column":1}},"101":{"start":{"line":102,"column":0},"end":{"line":102,"column":0}},"102":{"start":{"line":103,"column":0},"end":{"line":103,"column":24}},"103":{"start":{"line":104,"column":0},"end":{"line":104,"column":34}},"104":{"start":{"line":105,"column":0},"end":{"line":105,"column":33}},"105":{"start":{"line":106,"column":0},"end":{"line":106,"column":30}},"106":{"start":{"line":107,"column":0},"end":{"line":107,"column":52}},"107":{"start":{"line":108,"column":0},"end":{"line":108,"column":5}},"108":{"start":{"line":109,"column":0},"end":{"line":109,"column":45}},"109":{"start":{"line":110,"column":0},"end":{"line":110,"column":75}},"110":{"start":{"line":111,"column":0},"end":{"line":111,"column":75}},"111":{"start":{"line":112,"column":0},"end":{"line":112,"column":69}},"112":{"start":{"line":113,"column":0},"end":{"line":113,"column":29}},"113":{"start":{"line":114,"column":0},"end":{"line":114,"column":77}},"114":{"start":{"line":115,"column":0},"end":{"line":115,"column":71}},"115":{"start":{"line":116,"column":0},"end":{"line":116,"column":44}},"116":{"start":{"line":117,"column":0},"end":{"line":117,"column":64}},"117":{"start":{"line":118,"column":0},"end":{"line":118,"column":64}},"118":{"start":{"line":119,"column":0},"end":{"line":119,"column":57}},"119":{"start":{"line":120,"column":0},"end":{"line":120,"column":33}},"120":{"start":{"line":121,"column":0},"end":{"line":121,"column":54}},"121":{"start":{"line":122,"column":0},"end":{"line":122,"column":31}},"122":{"start":{"line":123,"column":0},"end":{"line":123,"column":32}},"123":{"start":{"line":124,"column":0},"end":{"line":124,"column":17}},"124":{"start":{"line":125,"column":0},"end":{"line":125,"column":45}},"125":{"start":{"line":126,"column":0},"end":{"line":126,"column":25}},"126":{"start":{"line":127,"column":0},"end":{"line":127,"column":59}},"127":{"start":{"line":128,"column":0},"end":{"line":128,"column":13}},"128":{"start":{"line":129,"column":0},"end":{"line":129,"column":9}},"129":{"start":{"line":130,"column":0},"end":{"line":130,"column":5}},"130":{"start":{"line":131,"column":0},"end":{"line":131,"column":75}},"131":{"start":{"line":132,"column":0},"end":{"line":132,"column":75}},"132":{"start":{"line":133,"column":0},"end":{"line":133,"column":76}},"133":{"start":{"line":134,"column":0},"end":{"line":134,"column":73}},"134":{"start":{"line":135,"column":0},"end":{"line":135,"column":9}},"135":{"start":{"line":136,"column":0},"end":{"line":136,"column":85}},"136":{"start":{"line":137,"column":0},"end":{"line":137,"column":14}},"137":{"start":{"line":138,"column":0},"end":{"line":138,"column":49}},"138":{"start":{"line":139,"column":0},"end":{"line":139,"column":30}},"139":{"start":{"line":140,"column":0},"end":{"line":140,"column":20}},"140":{"start":{"line":141,"column":0},"end":{"line":141,"column":17}},"141":{"start":{"line":142,"column":0},"end":{"line":142,"column":53}},"142":{"start":{"line":143,"column":0},"end":{"line":143,"column":25}},"143":{"start":{"line":144,"column":0},"end":{"line":144,"column":36}},"144":{"start":{"line":145,"column":0},"end":{"line":145,"column":13}},"145":{"start":{"line":146,"column":0},"end":{"line":146,"column":66}},"146":{"start":{"line":147,"column":0},"end":{"line":147,"column":56}},"147":{"start":{"line":148,"column":0},"end":{"line":148,"column":13}},"148":{"start":{"line":149,"column":0},"end":{"line":149,"column":9}},"149":{"start":{"line":150,"column":0},"end":{"line":150,"column":18}},"150":{"start":{"line":151,"column":0},"end":{"line":151,"column":21}},"151":{"start":{"line":152,"column":0},"end":{"line":152,"column":1}},"152":{"start":{"line":153,"column":0},"end":{"line":153,"column":0}},"153":{"start":{"line":154,"column":0},"end":{"line":154,"column":39}}},"s":{"0":0,"1":0,"2":0,"3":0,"4":0,"5":0,"6":0,"7":0,"8":0,"9":0,"10":0,"11":0,"12":0,"13":0,"14":0,"15":0,"16":0,"17":0,"18":0,"19":0,"20":0,"21":0,"22":0,"23":0,"24":0,"25":0,"26":0,"27":0,"28":0,"29":0,"30":0,"31":0,"32":0,"33":0,"34":0,"35":0,"36":0,"37":0,"38":0,"39":0,"40":0,"41":0,"42":0,"43":0,"44":0,"45":0,"46":0,"47":0,"48":0,"49":0,"50":0,"51":0,"52":0,"53":0,"54":0,"55":0,"56":0,"57":0,"58":0,"59":0,"60":0,"61":0,"62":0,"63":0,"64":0,"65":0,"66":0,"67":0,"68":0,"69":0,"70":0,"71":0,"72":0,"73":0,"74":0,"75":0,"76":0,"77":0,"78":0,"79":0,"80":0,"81":0,"82":0,"83":0,"84":0,"85":0,"86":0,"87":0,"88":0,"89":0,"90":0,"91":0,"92":0,"93":0,"94":0,"95":0,"96":0,"97":0,"98":0,"99":0,"100":0,"101":0,"102":0,"103":0,"104":0,"105":0,"106":0,"107":0,"108":0,"109":0,"110":0,"111":0,"112":0,"113":0,"114":0,"115":0,"116":0,"117":0,"118":0,"119":0,"120":0,"121":0,"122":0,"123":0,"124":0,"125":0,"126":0,"127":0,"128":0,"129":0,"130":0,"131":0,"132":0,"133":0,"134":0,"135":0,"136":0,"137":0,"138":0,"139":0,"140":0,"141":0,"142":0,"143":0,"144":0,"145":0,"146":0,"147":0,"148":0,"149":0,"150":0,"151":0,"152":0,"153":0},"branchMap":{"0":{"type":"branch","line":1,"loc":{"start":{"line":1,"column":0},"end":{"line":154,"column":39}},"locations":[{"start":{"line":1,"column":0},"end":{"line":154,"column":39}}]}},"b":{"0":[0]},"fnMap":{"0":{"name":"(empty-report)","decl":{"start":{"line":1,"column":0},"end":{"line":154,"column":39}},"loc":{"start":{"line":1,"column":0},"end":{"line":154,"column":39}},"line":1}},"f":{"0":0}}
}
